
--------------------
Matriz 8


   - Repeticion  1

real	0m0.001s
user	0m0.000s
sys	0m0.000s

   - Repeticion  2

real	0m0.001s
user	0m0.000s
sys	0m0.000s

   - Repeticion  3

real	0m0.001s
user	0m0.000s
sys	0m0.000s

   - Repeticion  4

real	0m0.001s
user	0m0.000s
sys	0m0.000s

   - Repeticion  5

real	0m0.001s
user	0m0.000s
sys	0m0.000s

   - Repeticion  6

real	0m0.001s
user	0m0.000s
sys	0m0.000s

   - Repeticion  7

real	0m0.001s
user	0m0.000s
sys	0m0.000s

   - Repeticion  8

real	0m0.001s
user	0m0.000s
sys	0m0.000s

   - Repeticion  9

real	0m0.001s
user	0m0.000s
sys	0m0.000s

   - Repeticion  10

real	0m0.001s
user	0m0.000s
sys	0m0.000s
--------------------
Matriz 16


   - Repeticion  1

real	0m0.001s
user	0m0.000s
sys	0m0.000s

   - Repeticion  2

real	0m0.001s
user	0m0.000s
sys	0m0.000s

   - Repeticion  3

real	0m0.001s
user	0m0.000s
sys	0m0.000s

   - Repeticion  4

real	0m0.001s
user	0m0.000s
sys	0m0.000s

   - Repeticion  5

real	0m0.001s
user	0m0.000s
sys	0m0.000s

   - Repeticion  6

real	0m0.001s
user	0m0.000s
sys	0m0.000s

   - Repeticion  7

real	0m0.001s
user	0m0.000s
sys	0m0.000s

   - Repeticion  8

real	0m0.001s
user	0m0.000s
sys	0m0.000s

   - Repeticion  9

real	0m0.001s
user	0m0.000s
sys	0m0.000s

   - Repeticion  10

real	0m0.001s
user	0m0.000s
sys	0m0.000s
--------------------
Matriz 32


   - Repeticion  1

real	0m0.001s
user	0m0.000s
sys	0m0.000s

   - Repeticion  2

real	0m0.001s
user	0m0.000s
sys	0m0.000s

   - Repeticion  3

real	0m0.001s
user	0m0.000s
sys	0m0.000s

   - Repeticion  4

real	0m0.001s
user	0m0.000s
sys	0m0.000s

   - Repeticion  5

real	0m0.001s
user	0m0.000s
sys	0m0.000s

   - Repeticion  6

real	0m0.001s
user	0m0.000s
sys	0m0.000s

   - Repeticion  7

real	0m0.001s
user	0m0.000s
sys	0m0.000s

   - Repeticion  8

real	0m0.001s
user	0m0.000s
sys	0m0.000s

   - Repeticion  9

real	0m0.001s
user	0m0.000s
sys	0m0.000s

   - Repeticion  10

real	0m0.001s
user	0m0.000s
sys	0m0.000s
--------------------
Matriz 64


   - Repeticion  1

real	0m0.002s
user	0m0.000s
sys	0m0.000s

   - Repeticion  2

real	0m0.002s
user	0m0.000s
sys	0m0.000s

   - Repeticion  3

real	0m0.002s
user	0m0.000s
sys	0m0.000s

   - Repeticion  4

real	0m0.002s
user	0m0.000s
sys	0m0.000s

   - Repeticion  5

real	0m0.002s
user	0m0.000s
sys	0m0.000s

   - Repeticion  6

real	0m0.002s
user	0m0.000s
sys	0m0.000s

   - Repeticion  7

real	0m0.002s
user	0m0.000s
sys	0m0.000s

   - Repeticion  8

real	0m0.002s
user	0m0.000s
sys	0m0.000s

   - Repeticion  9

real	0m0.002s
user	0m0.000s
sys	0m0.000s

   - Repeticion  10

real	0m0.002s
user	0m0.000s
sys	0m0.000s
--------------------
Matriz 128


   - Repeticion  1

real	0m0.012s
user	0m0.012s
sys	0m0.000s

   - Repeticion  2

real	0m0.012s
user	0m0.008s
sys	0m0.000s

   - Repeticion  3

real	0m0.013s
user	0m0.012s
sys	0m0.000s

   - Repeticion  4

real	0m0.013s
user	0m0.012s
sys	0m0.000s

   - Repeticion  5

real	0m0.013s
user	0m0.012s
sys	0m0.000s

   - Repeticion  6

real	0m0.014s
user	0m0.012s
sys	0m0.000s

   - Repeticion  7

real	0m0.015s
user	0m0.012s
sys	0m0.000s

   - Repeticion  8

real	0m0.013s
user	0m0.012s
sys	0m0.000s

   - Repeticion  9

real	0m0.013s
user	0m0.008s
sys	0m0.004s

   - Repeticion  10

real	0m0.013s
user	0m0.012s
sys	0m0.000s
--------------------
Matriz 256


   - Repeticion  1

real	0m0.107s
user	0m0.104s
sys	0m0.000s

   - Repeticion  2

real	0m0.106s
user	0m0.104s
sys	0m0.000s

   - Repeticion  3

real	0m0.110s
user	0m0.108s
sys	0m0.000s

   - Repeticion  4

real	0m0.108s
user	0m0.104s
sys	0m0.000s

   - Repeticion  5

real	0m0.106s
user	0m0.104s
sys	0m0.000s

   - Repeticion  6

real	0m0.107s
user	0m0.104s
sys	0m0.000s

   - Repeticion  7

real	0m0.107s
user	0m0.104s
sys	0m0.000s

   - Repeticion  8

real	0m0.108s
user	0m0.104s
sys	0m0.000s

   - Repeticion  9

real	0m0.106s
user	0m0.104s
sys	0m0.000s

   - Repeticion  10

real	0m0.109s
user	0m0.108s
sys	0m0.000s
--------------------
Matriz 512


   - Repeticion  1

real	0m0.903s
user	0m0.900s
sys	0m0.000s

   - Repeticion  2

real	0m0.893s
user	0m0.888s
sys	0m0.004s

   - Repeticion  3

real	0m0.896s
user	0m0.896s
sys	0m0.000s

   - Repeticion  4

real	0m0.898s
user	0m0.888s
sys	0m0.008s

   - Repeticion  5

real	0m0.902s
user	0m0.900s
sys	0m0.000s

   - Repeticion  6

real	0m0.895s
user	0m0.892s
sys	0m0.000s

   - Repeticion  7

real	0m0.895s
user	0m0.884s
sys	0m0.008s

   - Repeticion  8

real	0m0.886s
user	0m0.884s
sys	0m0.000s

   - Repeticion  9

real	0m0.880s
user	0m0.880s
sys	0m0.000s

   - Repeticion  10

real	0m0.900s
user	0m0.900s
sys	0m0.000s
--------------------
Matriz 1024


   - Repeticion  1

real	0m16.733s
user	0m16.736s
sys	0m0.004s

   - Repeticion  2

real	0m18.496s
user	0m18.488s
sys	0m0.016s

   - Repeticion  3

real	0m16.910s
user	0m16.900s
sys	0m0.008s

   - Repeticion  4

real	0m15.287s
user	0m15.260s
sys	0m0.032s

   - Repeticion  5

real	0m14.824s
user	0m14.816s
sys	0m0.012s

   - Repeticion  6

real	0m14.634s
user	0m14.624s
sys	0m0.012s

   - Repeticion  7

real	0m17.354s
user	0m17.348s
sys	0m0.012s

   - Repeticion  8

real	0m15.323s
user	0m15.288s
sys	0m0.028s

   - Repeticion  9

real	0m16.803s
user	0m16.804s
sys	0m0.008s

   - Repeticion  10

real	0m16.953s
user	0m16.940s
sys	0m0.020s
