
--------------------
Matriz 8

- Num. Procesos 1

   - Repeticion  1

real	0m0.001s
user	0m0.000s
sys	0m0.000s

   - Repeticion  2

real	0m0.001s
user	0m0.000s
sys	0m0.000s

   - Repeticion  3

real	0m0.001s
user	0m0.000s
sys	0m0.000s

   - Repeticion  4

real	0m0.001s
user	0m0.000s
sys	0m0.000s

   - Repeticion  5

real	0m0.001s
user	0m0.000s
sys	0m0.000s

   - Repeticion  6

real	0m0.001s
user	0m0.000s
sys	0m0.000s

   - Repeticion  7

real	0m0.001s
user	0m0.000s
sys	0m0.000s

   - Repeticion  8

real	0m0.001s
user	0m0.000s
sys	0m0.000s

   - Repeticion  9

real	0m0.001s
user	0m0.000s
sys	0m0.000s

   - Repeticion  10

real	0m0.001s
user	0m0.000s
sys	0m0.000s

- Num. Procesos 2

   - Repeticion  1

real	0m0.001s
user	0m0.000s
sys	0m0.000s

   - Repeticion  2

real	0m0.001s
user	0m0.000s
sys	0m0.000s

   - Repeticion  3

real	0m0.001s
user	0m0.000s
sys	0m0.000s

   - Repeticion  4

real	0m0.001s
user	0m0.000s
sys	0m0.000s

   - Repeticion  5

real	0m0.001s
user	0m0.000s
sys	0m0.000s

   - Repeticion  6

real	0m0.001s
user	0m0.000s
sys	0m0.000s

   - Repeticion  7

real	0m0.001s
user	0m0.000s
sys	0m0.000s

   - Repeticion  8

real	0m0.001s
user	0m0.000s
sys	0m0.000s

   - Repeticion  9

real	0m0.001s
user	0m0.000s
sys	0m0.000s

   - Repeticion  10

real	0m0.001s
user	0m0.000s
sys	0m0.000s

- Num. Procesos 4

   - Repeticion  1

real	0m0.001s
user	0m0.000s
sys	0m0.000s

   - Repeticion  2

real	0m0.001s
user	0m0.000s
sys	0m0.000s

   - Repeticion  3

real	0m0.001s
user	0m0.000s
sys	0m0.000s

   - Repeticion  4

real	0m0.001s
user	0m0.000s
sys	0m0.000s

   - Repeticion  5

real	0m0.001s
user	0m0.000s
sys	0m0.000s

   - Repeticion  6

real	0m0.001s
user	0m0.000s
sys	0m0.000s

   - Repeticion  7

real	0m0.001s
user	0m0.000s
sys	0m0.000s

   - Repeticion  8

real	0m0.001s
user	0m0.000s
sys	0m0.000s

   - Repeticion  9

real	0m0.001s
user	0m0.000s
sys	0m0.000s

   - Repeticion  10

real	0m0.001s
user	0m0.000s
sys	0m0.000s
--------------------
Matriz 16

- Num. Procesos 1

   - Repeticion  1

real	0m0.001s
user	0m0.000s
sys	0m0.000s

   - Repeticion  2

real	0m0.001s
user	0m0.000s
sys	0m0.000s

   - Repeticion  3

real	0m0.001s
user	0m0.000s
sys	0m0.000s

   - Repeticion  4

real	0m0.001s
user	0m0.000s
sys	0m0.000s

   - Repeticion  5

real	0m0.001s
user	0m0.000s
sys	0m0.000s

   - Repeticion  6

real	0m0.001s
user	0m0.000s
sys	0m0.000s

   - Repeticion  7

real	0m0.001s
user	0m0.000s
sys	0m0.000s

   - Repeticion  8

real	0m0.001s
user	0m0.000s
sys	0m0.000s

   - Repeticion  9

real	0m0.001s
user	0m0.000s
sys	0m0.000s

   - Repeticion  10

real	0m0.001s
user	0m0.000s
sys	0m0.000s

- Num. Procesos 2

   - Repeticion  1

real	0m0.001s
user	0m0.000s
sys	0m0.000s

   - Repeticion  2

real	0m0.001s
user	0m0.000s
sys	0m0.000s

   - Repeticion  3

real	0m0.001s
user	0m0.000s
sys	0m0.000s

   - Repeticion  4

real	0m0.001s
user	0m0.000s
sys	0m0.000s

   - Repeticion  5

real	0m0.001s
user	0m0.000s
sys	0m0.000s

   - Repeticion  6

real	0m0.001s
user	0m0.000s
sys	0m0.000s

   - Repeticion  7

real	0m0.001s
user	0m0.000s
sys	0m0.000s

   - Repeticion  8

real	0m0.001s
user	0m0.000s
sys	0m0.000s

   - Repeticion  9

real	0m0.001s
user	0m0.000s
sys	0m0.000s

   - Repeticion  10

real	0m0.001s
user	0m0.000s
sys	0m0.000s

- Num. Procesos 4

   - Repeticion  1

real	0m0.001s
user	0m0.000s
sys	0m0.000s

   - Repeticion  2

real	0m0.001s
user	0m0.000s
sys	0m0.000s

   - Repeticion  3

real	0m0.001s
user	0m0.000s
sys	0m0.000s

   - Repeticion  4

real	0m0.001s
user	0m0.000s
sys	0m0.000s

   - Repeticion  5

real	0m0.001s
user	0m0.000s
sys	0m0.000s

   - Repeticion  6

real	0m0.001s
user	0m0.000s
sys	0m0.000s

   - Repeticion  7

real	0m0.001s
user	0m0.000s
sys	0m0.000s

   - Repeticion  8

real	0m0.001s
user	0m0.000s
sys	0m0.000s

   - Repeticion  9

real	0m0.001s
user	0m0.000s
sys	0m0.000s

   - Repeticion  10

real	0m0.001s
user	0m0.000s
sys	0m0.000s
--------------------
Matriz 32

- Num. Procesos 1

   - Repeticion  1

real	0m0.001s
user	0m0.000s
sys	0m0.000s

   - Repeticion  2

real	0m0.001s
user	0m0.000s
sys	0m0.000s

   - Repeticion  3

real	0m0.001s
user	0m0.000s
sys	0m0.000s

   - Repeticion  4

real	0m0.001s
user	0m0.000s
sys	0m0.000s

   - Repeticion  5

real	0m0.001s
user	0m0.000s
sys	0m0.000s

   - Repeticion  6

real	0m0.001s
user	0m0.000s
sys	0m0.000s

   - Repeticion  7

real	0m0.001s
user	0m0.000s
sys	0m0.000s

   - Repeticion  8

real	0m0.001s
user	0m0.000s
sys	0m0.000s

   - Repeticion  9

real	0m0.001s
user	0m0.000s
sys	0m0.000s

   - Repeticion  10

real	0m0.001s
user	0m0.000s
sys	0m0.000s

- Num. Procesos 2

   - Repeticion  1

real	0m0.001s
user	0m0.000s
sys	0m0.000s

   - Repeticion  2

real	0m0.001s
user	0m0.000s
sys	0m0.000s

   - Repeticion  3

real	0m0.001s
user	0m0.000s
sys	0m0.000s

   - Repeticion  4

real	0m0.001s
user	0m0.000s
sys	0m0.000s

   - Repeticion  5

real	0m0.001s
user	0m0.000s
sys	0m0.000s

   - Repeticion  6

real	0m0.001s
user	0m0.000s
sys	0m0.000s

   - Repeticion  7

real	0m0.001s
user	0m0.000s
sys	0m0.000s

   - Repeticion  8

real	0m0.001s
user	0m0.000s
sys	0m0.000s

   - Repeticion  9

real	0m0.001s
user	0m0.000s
sys	0m0.000s

   - Repeticion  10

real	0m0.001s
user	0m0.000s
sys	0m0.000s

- Num. Procesos 4

   - Repeticion  1

real	0m0.001s
user	0m0.000s
sys	0m0.000s

   - Repeticion  2

real	0m0.001s
user	0m0.000s
sys	0m0.000s

   - Repeticion  3

real	0m0.001s
user	0m0.000s
sys	0m0.000s

   - Repeticion  4

real	0m0.001s
user	0m0.000s
sys	0m0.000s

   - Repeticion  5

real	0m0.001s
user	0m0.000s
sys	0m0.000s

   - Repeticion  6

real	0m0.001s
user	0m0.000s
sys	0m0.000s

   - Repeticion  7

real	0m0.001s
user	0m0.000s
sys	0m0.000s

   - Repeticion  8

real	0m0.001s
user	0m0.000s
sys	0m0.000s

   - Repeticion  9

real	0m0.001s
user	0m0.000s
sys	0m0.000s

   - Repeticion  10

real	0m0.001s
user	0m0.000s
sys	0m0.000s
--------------------
Matriz 64

- Num. Procesos 1

   - Repeticion  1

real	0m0.002s
user	0m0.000s
sys	0m0.000s

   - Repeticion  2

real	0m0.002s
user	0m0.000s
sys	0m0.000s

   - Repeticion  3

real	0m0.002s
user	0m0.000s
sys	0m0.000s

   - Repeticion  4

real	0m0.002s
user	0m0.000s
sys	0m0.000s

   - Repeticion  5

real	0m0.002s
user	0m0.000s
sys	0m0.000s

   - Repeticion  6

real	0m0.002s
user	0m0.000s
sys	0m0.000s

   - Repeticion  7

real	0m0.002s
user	0m0.000s
sys	0m0.000s

   - Repeticion  8

real	0m0.002s
user	0m0.000s
sys	0m0.000s

   - Repeticion  9

real	0m0.002s
user	0m0.000s
sys	0m0.000s

   - Repeticion  10

real	0m0.002s
user	0m0.000s
sys	0m0.000s

- Num. Procesos 2

   - Repeticion  1

real	0m0.002s
user	0m0.000s
sys	0m0.000s

   - Repeticion  2

real	0m0.001s
user	0m0.000s
sys	0m0.000s

   - Repeticion  3

real	0m0.001s
user	0m0.000s
sys	0m0.000s

   - Repeticion  4

real	0m0.001s
user	0m0.000s
sys	0m0.000s

   - Repeticion  5

real	0m0.001s
user	0m0.000s
sys	0m0.000s

   - Repeticion  6

real	0m0.002s
user	0m0.000s
sys	0m0.000s

   - Repeticion  7

real	0m0.001s
user	0m0.000s
sys	0m0.000s

   - Repeticion  8

real	0m0.001s
user	0m0.000s
sys	0m0.000s

   - Repeticion  9

real	0m0.001s
user	0m0.000s
sys	0m0.000s

   - Repeticion  10

real	0m0.001s
user	0m0.000s
sys	0m0.000s

- Num. Procesos 4

   - Repeticion  1

real	0m0.002s
user	0m0.000s
sys	0m0.000s

   - Repeticion  2

real	0m0.002s
user	0m0.000s
sys	0m0.000s

   - Repeticion  3

real	0m0.002s
user	0m0.000s
sys	0m0.000s

   - Repeticion  4

real	0m0.002s
user	0m0.000s
sys	0m0.000s

   - Repeticion  5

real	0m0.002s
user	0m0.000s
sys	0m0.000s

   - Repeticion  6

real	0m0.002s
user	0m0.000s
sys	0m0.000s

   - Repeticion  7

real	0m0.002s
user	0m0.000s
sys	0m0.000s

   - Repeticion  8

real	0m0.002s
user	0m0.000s
sys	0m0.000s

   - Repeticion  9

real	0m0.002s
user	0m0.000s
sys	0m0.000s

   - Repeticion  10

real	0m0.002s
user	0m0.000s
sys	0m0.000s
--------------------
Matriz 128

- Num. Procesos 1

   - Repeticion  1

real	0m0.009s
user	0m0.000s
sys	0m0.000s

   - Repeticion  2

real	0m0.012s
user	0m0.000s
sys	0m0.000s

   - Repeticion  3

real	0m0.010s
user	0m0.000s
sys	0m0.000s

   - Repeticion  4

real	0m0.009s
user	0m0.000s
sys	0m0.000s

   - Repeticion  5

real	0m0.010s
user	0m0.000s
sys	0m0.000s

   - Repeticion  6

real	0m0.010s
user	0m0.000s
sys	0m0.000s

   - Repeticion  7

real	0m0.010s
user	0m0.000s
sys	0m0.000s

   - Repeticion  8

real	0m0.010s
user	0m0.000s
sys	0m0.000s

   - Repeticion  9

real	0m0.010s
user	0m0.000s
sys	0m0.000s

   - Repeticion  10

real	0m0.010s
user	0m0.000s
sys	0m0.000s

- Num. Procesos 2

   - Repeticion  1

real	0m0.011s
user	0m0.000s
sys	0m0.000s

   - Repeticion  2

real	0m0.010s
user	0m0.000s
sys	0m0.000s

   - Repeticion  3

real	0m0.010s
user	0m0.000s
sys	0m0.000s

   - Repeticion  4

real	0m0.006s
user	0m0.000s
sys	0m0.000s

   - Repeticion  5

real	0m0.006s
user	0m0.000s
sys	0m0.000s

   - Repeticion  6

real	0m0.010s
user	0m0.000s
sys	0m0.000s

   - Repeticion  7

real	0m0.006s
user	0m0.000s
sys	0m0.000s

   - Repeticion  8

real	0m0.006s
user	0m0.000s
sys	0m0.000s

   - Repeticion  9

real	0m0.006s
user	0m0.000s
sys	0m0.000s

   - Repeticion  10

real	0m0.010s
user	0m0.000s
sys	0m0.000s

- Num. Procesos 4

   - Repeticion  1

real	0m0.006s
user	0m0.000s
sys	0m0.000s

   - Repeticion  2

real	0m0.006s
user	0m0.000s
sys	0m0.000s

   - Repeticion  3

real	0m0.008s
user	0m0.000s
sys	0m0.000s

   - Repeticion  4

real	0m0.008s
user	0m0.000s
sys	0m0.000s

   - Repeticion  5

real	0m0.006s
user	0m0.000s
sys	0m0.000s

   - Repeticion  6

real	0m0.006s
user	0m0.000s
sys	0m0.000s

   - Repeticion  7

real	0m0.006s
user	0m0.000s
sys	0m0.000s

   - Repeticion  8

real	0m0.006s
user	0m0.000s
sys	0m0.000s

   - Repeticion  9

real	0m0.006s
user	0m0.000s
sys	0m0.000s

   - Repeticion  10

real	0m0.006s
user	0m0.000s
sys	0m0.000s
--------------------
Matriz 256

- Num. Procesos 1

   - Repeticion  1

real	0m0.077s
user	0m0.000s
sys	0m0.000s

   - Repeticion  2

real	0m0.077s
user	0m0.000s
sys	0m0.000s

   - Repeticion  3

real	0m0.077s
user	0m0.000s
sys	0m0.000s

   - Repeticion  4

real	0m0.078s
user	0m0.000s
sys	0m0.000s

   - Repeticion  5

real	0m0.078s
user	0m0.000s
sys	0m0.000s

   - Repeticion  6

real	0m0.076s
user	0m0.000s
sys	0m0.000s

   - Repeticion  7

real	0m0.077s
user	0m0.000s
sys	0m0.000s

   - Repeticion  8

real	0m0.078s
user	0m0.000s
sys	0m0.000s

   - Repeticion  9

real	0m0.077s
user	0m0.000s
sys	0m0.000s

   - Repeticion  10

real	0m0.077s
user	0m0.000s
sys	0m0.000s

- Num. Procesos 2

   - Repeticion  1

real	0m0.043s
user	0m0.000s
sys	0m0.000s

   - Repeticion  2

real	0m0.045s
user	0m0.000s
sys	0m0.000s

   - Repeticion  3

real	0m0.081s
user	0m0.000s
sys	0m0.000s

   - Repeticion  4

real	0m0.081s
user	0m0.000s
sys	0m0.000s

   - Repeticion  5

real	0m0.082s
user	0m0.000s
sys	0m0.000s

   - Repeticion  6

real	0m0.081s
user	0m0.000s
sys	0m0.000s

   - Repeticion  7

real	0m0.043s
user	0m0.000s
sys	0m0.000s

   - Repeticion  8

real	0m0.081s
user	0m0.000s
sys	0m0.000s

   - Repeticion  9

real	0m0.081s
user	0m0.000s
sys	0m0.000s

   - Repeticion  10

real	0m0.043s
user	0m0.000s
sys	0m0.000s

- Num. Procesos 4

   - Repeticion  1

real	0m0.049s
user	0m0.000s
sys	0m0.000s

   - Repeticion  2

real	0m0.046s
user	0m0.000s
sys	0m0.000s

   - Repeticion  3

real	0m0.049s
user	0m0.000s
sys	0m0.000s

   - Repeticion  4

real	0m0.047s
user	0m0.000s
sys	0m0.000s

   - Repeticion  5

real	0m0.048s
user	0m0.000s
sys	0m0.000s

   - Repeticion  6

real	0m0.047s
user	0m0.000s
sys	0m0.000s

   - Repeticion  7

real	0m0.048s
user	0m0.000s
sys	0m0.000s

   - Repeticion  8

real	0m0.046s
user	0m0.000s
sys	0m0.000s

   - Repeticion  9

real	0m0.048s
user	0m0.000s
sys	0m0.000s

   - Repeticion  10

real	0m0.045s
user	0m0.000s
sys	0m0.000s
--------------------
Matriz 512

- Num. Procesos 1

   - Repeticion  1

real	0m0.678s
user	0m0.004s
sys	0m0.000s

   - Repeticion  2

real	0m0.670s
user	0m0.004s
sys	0m0.000s

   - Repeticion  3

real	0m0.681s
user	0m0.004s
sys	0m0.004s

   - Repeticion  4

real	0m0.674s
user	0m0.004s
sys	0m0.000s

   - Repeticion  5

real	0m0.676s
user	0m0.004s
sys	0m0.000s

   - Repeticion  6

real	0m0.666s
user	0m0.004s
sys	0m0.000s

   - Repeticion  7

real	0m0.680s
user	0m0.004s
sys	0m0.000s

   - Repeticion  8

real	0m0.667s
user	0m0.004s
sys	0m0.000s

   - Repeticion  9

real	0m0.684s
user	0m0.004s
sys	0m0.000s

   - Repeticion  10

real	0m0.675s
user	0m0.004s
sys	0m0.004s

- Num. Procesos 2

   - Repeticion  1

real	0m0.725s
user	0m0.004s
sys	0m0.000s

   - Repeticion  2

real	0m0.726s
user	0m0.004s
sys	0m0.000s

   - Repeticion  3

real	0m0.722s
user	0m0.004s
sys	0m0.000s

   - Repeticion  4

real	0m0.721s
user	0m0.004s
sys	0m0.000s

   - Repeticion  5

real	0m0.723s
user	0m0.004s
sys	0m0.000s

   - Repeticion  6

real	0m0.717s
user	0m0.004s
sys	0m0.000s

   - Repeticion  7

real	0m0.720s
user	0m0.004s
sys	0m0.000s

   - Repeticion  8

real	0m0.717s
user	0m0.004s
sys	0m0.000s

   - Repeticion  9

real	0m0.725s
user	0m0.008s
sys	0m0.000s

   - Repeticion  10

real	0m0.714s
user	0m0.004s
sys	0m0.000s

- Num. Procesos 4

   - Repeticion  1

real	0m0.401s
user	0m0.004s
sys	0m0.000s

   - Repeticion  2

real	0m0.414s
user	0m0.004s
sys	0m0.000s

   - Repeticion  3

real	0m0.403s
user	0m0.004s
sys	0m0.000s

   - Repeticion  4

real	0m0.411s
user	0m0.004s
sys	0m0.000s

   - Repeticion  5

real	0m0.404s
user	0m0.004s
sys	0m0.000s

   - Repeticion  6

real	0m0.406s
user	0m0.004s
sys	0m0.000s

   - Repeticion  7

real	0m0.408s
user	0m0.004s
sys	0m0.000s

   - Repeticion  8

real	0m0.403s
user	0m0.004s
sys	0m0.000s

   - Repeticion  9

real	0m0.411s
user	0m0.004s
sys	0m0.000s

   - Repeticion  10

real	0m0.404s
user	0m0.004s
sys	0m0.000s
--------------------
Matriz 1024

- Num. Procesos 1

   - Repeticion  1

real	0m9.902s
user	0m0.024s
sys	0m0.000s

   - Repeticion  2

real	0m9.495s
user	0m0.024s
sys	0m0.004s

   - Repeticion  3

real	0m9.626s
user	0m0.024s
sys	0m0.000s

   - Repeticion  4

real	0m9.390s
user	0m0.024s
sys	0m0.004s

   - Repeticion  5

real	0m9.463s
user	0m0.024s
sys	0m0.000s

   - Repeticion  6

real	0m9.369s
user	0m0.024s
sys	0m0.000s

   - Repeticion  7

real	0m9.421s
user	0m0.020s
sys	0m0.004s

   - Repeticion  8

real	0m9.454s
user	0m0.020s
sys	0m0.004s

   - Repeticion  9

real	0m9.552s
user	0m0.024s
sys	0m0.000s

   - Repeticion  10

real	0m9.305s
user	0m0.016s
sys	0m0.008s

- Num. Procesos 2

   - Repeticion  1

real	0m4.849s
user	0m0.024s
sys	0m0.000s

   - Repeticion  2

real	0m6.051s
user	0m0.016s
sys	0m0.008s

   - Repeticion  3

real	0m7.661s
user	0m0.024s
sys	0m0.004s

   - Repeticion  4

real	0m10.013s
user	0m0.024s
sys	0m0.000s

   - Repeticion  5

real	0m12.499s
user	0m0.020s
sys	0m0.004s

   - Repeticion  6

real	0m4.860s
user	0m0.020s
sys	0m0.004s

   - Repeticion  7

real	0m9.236s
user	0m0.020s
sys	0m0.004s

   - Repeticion  8

real	0m12.794s
user	0m0.024s
sys	0m0.000s

   - Repeticion  9

real	0m13.138s
user	0m0.016s
sys	0m0.008s

   - Repeticion  10

real	0m6.279s
user	0m0.028s
sys	0m0.000s

- Num. Procesos 4

   - Repeticion  1

real	0m6.603s
user	0m0.024s
sys	0m0.004s

   - Repeticion  2

real	0m6.537s
user	0m0.020s
sys	0m0.008s

   - Repeticion  3

real	0m6.604s
user	0m0.024s
sys	0m0.000s

   - Repeticion  4

real	0m6.515s
user	0m0.024s
sys	0m0.000s

   - Repeticion  5

real	0m6.600s
user	0m0.028s
sys	0m0.000s

   - Repeticion  6

real	0m6.821s
user	0m0.024s
sys	0m0.004s

   - Repeticion  7

real	0m6.629s
user	0m0.020s
sys	0m0.004s

   - Repeticion  8

real	0m6.746s
user	0m0.016s
sys	0m0.008s

   - Repeticion  9

real	0m6.592s
user	0m0.020s
sys	0m0.004s

   - Repeticion  10

real	0m6.873s
user	0m0.028s
sys	0m0.000s
