
--------------------
Matriz 8

- Num. Procesos 1

   - Repeticion  1

real	0m0.001s
user	0m0.000s
sys	0m0.000s

   - Repeticion  2

real	0m0.001s
user	0m0.000s
sys	0m0.000s

   - Repeticion  3

real	0m0.001s
user	0m0.000s
sys	0m0.000s

   - Repeticion  4

real	0m0.001s
user	0m0.000s
sys	0m0.000s

   - Repeticion  5

real	0m0.001s
user	0m0.000s
sys	0m0.000s

   - Repeticion  6

real	0m0.001s
user	0m0.000s
sys	0m0.000s

   - Repeticion  7

real	0m0.001s
user	0m0.000s
sys	0m0.000s

   - Repeticion  8

real	0m0.001s
user	0m0.000s
sys	0m0.000s

   - Repeticion  9

real	0m0.001s
user	0m0.000s
sys	0m0.000s

   - Repeticion  10

real	0m0.001s
user	0m0.000s
sys	0m0.000s

- Num. Procesos 2

   - Repeticion  1

real	0m0.001s
user	0m0.000s
sys	0m0.000s

   - Repeticion  2

real	0m0.001s
user	0m0.000s
sys	0m0.000s

   - Repeticion  3

real	0m0.001s
user	0m0.000s
sys	0m0.000s

   - Repeticion  4

real	0m0.001s
user	0m0.000s
sys	0m0.000s

   - Repeticion  5

real	0m0.001s
user	0m0.000s
sys	0m0.000s

   - Repeticion  6

real	0m0.001s
user	0m0.000s
sys	0m0.000s

   - Repeticion  7

real	0m0.001s
user	0m0.000s
sys	0m0.000s

   - Repeticion  8

real	0m0.001s
user	0m0.000s
sys	0m0.000s

   - Repeticion  9

real	0m0.001s
user	0m0.000s
sys	0m0.000s

   - Repeticion  10

real	0m0.001s
user	0m0.000s
sys	0m0.000s

- Num. Procesos 4

   - Repeticion  1

real	0m0.001s
user	0m0.000s
sys	0m0.000s

   - Repeticion  2

real	0m0.001s
user	0m0.000s
sys	0m0.000s

   - Repeticion  3

real	0m0.001s
user	0m0.000s
sys	0m0.000s

   - Repeticion  4

real	0m0.001s
user	0m0.000s
sys	0m0.000s

   - Repeticion  5

real	0m0.001s
user	0m0.000s
sys	0m0.000s

   - Repeticion  6

real	0m0.001s
user	0m0.000s
sys	0m0.000s

   - Repeticion  7

real	0m0.001s
user	0m0.000s
sys	0m0.000s

   - Repeticion  8

real	0m0.001s
user	0m0.000s
sys	0m0.000s

   - Repeticion  9

real	0m0.001s
user	0m0.000s
sys	0m0.000s

   - Repeticion  10

real	0m0.001s
user	0m0.000s
sys	0m0.000s
--------------------
Matriz 16

- Num. Procesos 1

   - Repeticion  1

real	0m0.001s
user	0m0.000s
sys	0m0.000s

   - Repeticion  2

real	0m0.001s
user	0m0.000s
sys	0m0.000s

   - Repeticion  3

real	0m0.001s
user	0m0.000s
sys	0m0.000s

   - Repeticion  4

real	0m0.001s
user	0m0.000s
sys	0m0.000s

   - Repeticion  5

real	0m0.001s
user	0m0.000s
sys	0m0.000s

   - Repeticion  6

real	0m0.001s
user	0m0.000s
sys	0m0.000s

   - Repeticion  7

real	0m0.001s
user	0m0.000s
sys	0m0.000s

   - Repeticion  8

real	0m0.001s
user	0m0.000s
sys	0m0.000s

   - Repeticion  9

real	0m0.001s
user	0m0.000s
sys	0m0.000s

   - Repeticion  10

real	0m0.001s
user	0m0.000s
sys	0m0.000s

- Num. Procesos 2

   - Repeticion  1

real	0m0.001s
user	0m0.000s
sys	0m0.000s

   - Repeticion  2

real	0m0.001s
user	0m0.000s
sys	0m0.000s

   - Repeticion  3

real	0m0.001s
user	0m0.000s
sys	0m0.000s

   - Repeticion  4

real	0m0.001s
user	0m0.000s
sys	0m0.000s

   - Repeticion  5

real	0m0.001s
user	0m0.000s
sys	0m0.000s

   - Repeticion  6

real	0m0.001s
user	0m0.000s
sys	0m0.000s

   - Repeticion  7

real	0m0.001s
user	0m0.000s
sys	0m0.000s

   - Repeticion  8

real	0m0.001s
user	0m0.000s
sys	0m0.000s

   - Repeticion  9

real	0m0.001s
user	0m0.000s
sys	0m0.000s

   - Repeticion  10

real	0m0.001s
user	0m0.000s
sys	0m0.000s

- Num. Procesos 4

   - Repeticion  1

real	0m0.001s
user	0m0.000s
sys	0m0.000s

   - Repeticion  2

real	0m0.001s
user	0m0.000s
sys	0m0.000s

   - Repeticion  3

real	0m0.001s
user	0m0.000s
sys	0m0.000s

   - Repeticion  4

real	0m0.001s
user	0m0.000s
sys	0m0.000s

   - Repeticion  5

real	0m0.001s
user	0m0.000s
sys	0m0.000s

   - Repeticion  6

real	0m0.001s
user	0m0.000s
sys	0m0.000s

   - Repeticion  7

real	0m0.001s
user	0m0.000s
sys	0m0.000s

   - Repeticion  8

real	0m0.001s
user	0m0.000s
sys	0m0.000s

   - Repeticion  9

real	0m0.001s
user	0m0.000s
sys	0m0.000s

   - Repeticion  10

real	0m0.001s
user	0m0.000s
sys	0m0.000s
--------------------
Matriz 32

- Num. Procesos 1

   - Repeticion  1

real	0m0.001s
user	0m0.000s
sys	0m0.000s

   - Repeticion  2

real	0m0.001s
user	0m0.000s
sys	0m0.000s

   - Repeticion  3

real	0m0.001s
user	0m0.000s
sys	0m0.000s

   - Repeticion  4

real	0m0.001s
user	0m0.000s
sys	0m0.000s

   - Repeticion  5

real	0m0.001s
user	0m0.000s
sys	0m0.000s

   - Repeticion  6

real	0m0.001s
user	0m0.000s
sys	0m0.000s

   - Repeticion  7

real	0m0.001s
user	0m0.000s
sys	0m0.000s

   - Repeticion  8

real	0m0.001s
user	0m0.000s
sys	0m0.000s

   - Repeticion  9

real	0m0.001s
user	0m0.000s
sys	0m0.000s

   - Repeticion  10

real	0m0.001s
user	0m0.000s
sys	0m0.000s

- Num. Procesos 2

   - Repeticion  1

real	0m0.001s
user	0m0.000s
sys	0m0.000s

   - Repeticion  2

real	0m0.001s
user	0m0.000s
sys	0m0.000s

   - Repeticion  3

real	0m0.001s
user	0m0.000s
sys	0m0.000s

   - Repeticion  4

real	0m0.001s
user	0m0.000s
sys	0m0.000s

   - Repeticion  5

real	0m0.001s
user	0m0.000s
sys	0m0.000s

   - Repeticion  6

real	0m0.001s
user	0m0.000s
sys	0m0.000s

   - Repeticion  7

real	0m0.001s
user	0m0.000s
sys	0m0.000s

   - Repeticion  8

real	0m0.001s
user	0m0.000s
sys	0m0.000s

   - Repeticion  9

real	0m0.001s
user	0m0.000s
sys	0m0.000s

   - Repeticion  10

real	0m0.001s
user	0m0.000s
sys	0m0.000s

- Num. Procesos 4

   - Repeticion  1

real	0m0.001s
user	0m0.000s
sys	0m0.000s

   - Repeticion  2

real	0m0.001s
user	0m0.000s
sys	0m0.000s

   - Repeticion  3

real	0m0.001s
user	0m0.000s
sys	0m0.000s

   - Repeticion  4

real	0m0.001s
user	0m0.000s
sys	0m0.000s

   - Repeticion  5

real	0m0.001s
user	0m0.000s
sys	0m0.000s

   - Repeticion  6

real	0m0.001s
user	0m0.000s
sys	0m0.000s

   - Repeticion  7

real	0m0.001s
user	0m0.000s
sys	0m0.000s

   - Repeticion  8

real	0m0.001s
user	0m0.000s
sys	0m0.000s

   - Repeticion  9

real	0m0.001s
user	0m0.000s
sys	0m0.000s

   - Repeticion  10

real	0m0.001s
user	0m0.000s
sys	0m0.000s
--------------------
Matriz 64

- Num. Procesos 1

   - Repeticion  1

real	0m0.002s
user	0m0.000s
sys	0m0.000s

   - Repeticion  2

real	0m0.002s
user	0m0.000s
sys	0m0.000s

   - Repeticion  3

real	0m0.002s
user	0m0.000s
sys	0m0.000s

   - Repeticion  4

real	0m0.002s
user	0m0.000s
sys	0m0.000s

   - Repeticion  5

real	0m0.002s
user	0m0.000s
sys	0m0.000s

   - Repeticion  6

real	0m0.002s
user	0m0.000s
sys	0m0.000s

   - Repeticion  7

real	0m0.002s
user	0m0.000s
sys	0m0.000s

   - Repeticion  8

real	0m0.002s
user	0m0.000s
sys	0m0.000s

   - Repeticion  9

real	0m0.002s
user	0m0.000s
sys	0m0.000s

   - Repeticion  10

real	0m0.002s
user	0m0.000s
sys	0m0.000s

- Num. Procesos 2

   - Repeticion  1

real	0m0.002s
user	0m0.000s
sys	0m0.000s

   - Repeticion  2

real	0m0.001s
user	0m0.000s
sys	0m0.000s

   - Repeticion  3

real	0m0.002s
user	0m0.000s
sys	0m0.000s

   - Repeticion  4

real	0m0.002s
user	0m0.000s
sys	0m0.000s

   - Repeticion  5

real	0m0.002s
user	0m0.000s
sys	0m0.000s

   - Repeticion  6

real	0m0.001s
user	0m0.000s
sys	0m0.000s

   - Repeticion  7

real	0m0.002s
user	0m0.000s
sys	0m0.000s

   - Repeticion  8

real	0m0.003s
user	0m0.000s
sys	0m0.000s

   - Repeticion  9

real	0m0.001s
user	0m0.000s
sys	0m0.000s

   - Repeticion  10

real	0m0.002s
user	0m0.000s
sys	0m0.000s

- Num. Procesos 4

   - Repeticion  1

real	0m0.001s
user	0m0.000s
sys	0m0.000s

   - Repeticion  2

real	0m0.001s
user	0m0.000s
sys	0m0.000s

   - Repeticion  3

real	0m0.002s
user	0m0.000s
sys	0m0.000s

   - Repeticion  4

real	0m0.002s
user	0m0.000s
sys	0m0.000s

   - Repeticion  5

real	0m0.001s
user	0m0.000s
sys	0m0.000s

   - Repeticion  6

real	0m0.001s
user	0m0.000s
sys	0m0.000s

   - Repeticion  7

real	0m0.001s
user	0m0.000s
sys	0m0.000s

   - Repeticion  8

real	0m0.001s
user	0m0.000s
sys	0m0.000s

   - Repeticion  9

real	0m0.001s
user	0m0.000s
sys	0m0.000s

   - Repeticion  10

real	0m0.001s
user	0m0.000s
sys	0m0.000s
--------------------
Matriz 128

- Num. Procesos 1

   - Repeticion  1

real	0m0.009s
user	0m0.000s
sys	0m0.000s

   - Repeticion  2

real	0m0.010s
user	0m0.000s
sys	0m0.000s

   - Repeticion  3

real	0m0.010s
user	0m0.000s
sys	0m0.000s

   - Repeticion  4

real	0m0.010s
user	0m0.000s
sys	0m0.000s

   - Repeticion  5

real	0m0.009s
user	0m0.000s
sys	0m0.000s

   - Repeticion  6

real	0m0.009s
user	0m0.000s
sys	0m0.000s

   - Repeticion  7

real	0m0.010s
user	0m0.000s
sys	0m0.000s

   - Repeticion  8

real	0m0.009s
user	0m0.000s
sys	0m0.000s

   - Repeticion  9

real	0m0.010s
user	0m0.000s
sys	0m0.000s

   - Repeticion  10

real	0m0.010s
user	0m0.000s
sys	0m0.000s

- Num. Procesos 2

   - Repeticion  1

real	0m0.006s
user	0m0.000s
sys	0m0.000s

   - Repeticion  2

real	0m0.010s
user	0m0.000s
sys	0m0.000s

   - Repeticion  3

real	0m0.006s
user	0m0.000s
sys	0m0.000s

   - Repeticion  4

real	0m0.006s
user	0m0.000s
sys	0m0.000s

   - Repeticion  5

real	0m0.006s
user	0m0.000s
sys	0m0.000s

   - Repeticion  6

real	0m0.010s
user	0m0.000s
sys	0m0.000s

   - Repeticion  7

real	0m0.010s
user	0m0.000s
sys	0m0.000s

   - Repeticion  8

real	0m0.012s
user	0m0.000s
sys	0m0.000s

   - Repeticion  9

real	0m0.010s
user	0m0.000s
sys	0m0.000s

   - Repeticion  10

real	0m0.010s
user	0m0.000s
sys	0m0.000s

- Num. Procesos 4

   - Repeticion  1

real	0m0.006s
user	0m0.000s
sys	0m0.000s

   - Repeticion  2

real	0m0.006s
user	0m0.000s
sys	0m0.000s

   - Repeticion  3

real	0m0.006s
user	0m0.000s
sys	0m0.000s

   - Repeticion  4

real	0m0.006s
user	0m0.000s
sys	0m0.000s

   - Repeticion  5

real	0m0.006s
user	0m0.000s
sys	0m0.000s

   - Repeticion  6

real	0m0.006s
user	0m0.000s
sys	0m0.000s

   - Repeticion  7

real	0m0.006s
user	0m0.000s
sys	0m0.000s

   - Repeticion  8

real	0m0.006s
user	0m0.000s
sys	0m0.000s

   - Repeticion  9

real	0m0.006s
user	0m0.000s
sys	0m0.000s

   - Repeticion  10

real	0m0.006s
user	0m0.000s
sys	0m0.000s
--------------------
Matriz 256

- Num. Procesos 1

   - Repeticion  1

real	0m0.076s
user	0m0.000s
sys	0m0.000s

   - Repeticion  2

real	0m0.076s
user	0m0.000s
sys	0m0.000s

   - Repeticion  3

real	0m0.076s
user	0m0.000s
sys	0m0.000s

   - Repeticion  4

real	0m0.076s
user	0m0.000s
sys	0m0.000s

   - Repeticion  5

real	0m0.076s
user	0m0.000s
sys	0m0.000s

   - Repeticion  6

real	0m0.076s
user	0m0.000s
sys	0m0.000s

   - Repeticion  7

real	0m0.076s
user	0m0.000s
sys	0m0.000s

   - Repeticion  8

real	0m0.076s
user	0m0.000s
sys	0m0.000s

   - Repeticion  9

real	0m0.075s
user	0m0.000s
sys	0m0.000s

   - Repeticion  10

real	0m0.077s
user	0m0.000s
sys	0m0.000s

- Num. Procesos 2

   - Repeticion  1

real	0m0.043s
user	0m0.000s
sys	0m0.000s

   - Repeticion  2

real	0m0.043s
user	0m0.000s
sys	0m0.000s

   - Repeticion  3

real	0m0.083s
user	0m0.000s
sys	0m0.000s

   - Repeticion  4

real	0m0.084s
user	0m0.000s
sys	0m0.000s

   - Repeticion  5

real	0m0.043s
user	0m0.000s
sys	0m0.000s

   - Repeticion  6

real	0m0.080s
user	0m0.000s
sys	0m0.000s

   - Repeticion  7

real	0m0.043s
user	0m0.000s
sys	0m0.000s

   - Repeticion  8

real	0m0.080s
user	0m0.000s
sys	0m0.000s

   - Repeticion  9

real	0m0.043s
user	0m0.000s
sys	0m0.000s

   - Repeticion  10

real	0m0.042s
user	0m0.000s
sys	0m0.000s

- Num. Procesos 4

   - Repeticion  1

real	0m0.046s
user	0m0.000s
sys	0m0.000s

   - Repeticion  2

real	0m0.046s
user	0m0.000s
sys	0m0.000s

   - Repeticion  3

real	0m0.046s
user	0m0.000s
sys	0m0.000s

   - Repeticion  4

real	0m0.045s
user	0m0.000s
sys	0m0.000s

   - Repeticion  5

real	0m0.045s
user	0m0.000s
sys	0m0.000s

   - Repeticion  6

real	0m0.046s
user	0m0.000s
sys	0m0.000s

   - Repeticion  7

real	0m0.046s
user	0m0.000s
sys	0m0.000s

   - Repeticion  8

real	0m0.046s
user	0m0.000s
sys	0m0.000s

   - Repeticion  9

real	0m0.046s
user	0m0.000s
sys	0m0.000s

   - Repeticion  10

real	0m0.046s
user	0m0.000s
sys	0m0.000s
--------------------
Matriz 512

- Num. Procesos 1

   - Repeticion  1

real	0m0.705s
user	0m0.004s
sys	0m0.000s

   - Repeticion  2

real	0m0.666s
user	0m0.004s
sys	0m0.000s

   - Repeticion  3

real	0m0.678s
user	0m0.004s
sys	0m0.000s

   - Repeticion  4

real	0m0.682s
user	0m0.008s
sys	0m0.000s

   - Repeticion  5

real	0m0.663s
user	0m0.004s
sys	0m0.000s

   - Repeticion  6

real	0m0.664s
user	0m0.004s
sys	0m0.000s

   - Repeticion  7

real	0m0.659s
user	0m0.004s
sys	0m0.000s

   - Repeticion  8

real	0m0.656s
user	0m0.004s
sys	0m0.000s

   - Repeticion  9

real	0m0.661s
user	0m0.004s
sys	0m0.000s

   - Repeticion  10

real	0m0.666s
user	0m0.004s
sys	0m0.000s

- Num. Procesos 2

   - Repeticion  1

real	0m0.703s
user	0m0.004s
sys	0m0.000s

   - Repeticion  2

real	0m0.709s
user	0m0.004s
sys	0m0.000s

   - Repeticion  3

real	0m0.696s
user	0m0.004s
sys	0m0.000s

   - Repeticion  4

real	0m0.712s
user	0m0.004s
sys	0m0.000s

   - Repeticion  5

real	0m0.713s
user	0m0.004s
sys	0m0.000s

   - Repeticion  6

real	0m0.701s
user	0m0.004s
sys	0m0.000s

   - Repeticion  7

real	0m0.712s
user	0m0.004s
sys	0m0.000s

   - Repeticion  8

real	0m0.366s
user	0m0.004s
sys	0m0.000s

   - Repeticion  9

real	0m0.385s
user	0m0.004s
sys	0m0.000s

   - Repeticion  10

real	0m0.704s
user	0m0.004s
sys	0m0.000s

- Num. Procesos 4

   - Repeticion  1

real	0m0.388s
user	0m0.004s
sys	0m0.000s

   - Repeticion  2

real	0m0.392s
user	0m0.004s
sys	0m0.000s

   - Repeticion  3

real	0m0.394s
user	0m0.004s
sys	0m0.000s

   - Repeticion  4

real	0m0.391s
user	0m0.004s
sys	0m0.000s

   - Repeticion  5

real	0m0.394s
user	0m0.004s
sys	0m0.000s

   - Repeticion  6

real	0m0.389s
user	0m0.004s
sys	0m0.000s

   - Repeticion  7

real	0m0.389s
user	0m0.004s
sys	0m0.000s

   - Repeticion  8

real	0m0.425s
user	0m0.004s
sys	0m0.000s

   - Repeticion  9

real	0m0.391s
user	0m0.004s
sys	0m0.000s

   - Repeticion  10

real	0m0.392s
user	0m0.004s
sys	0m0.000s
--------------------
Matriz 1024

- Num. Procesos 1

   - Repeticion  1

real	0m13.779s
user	0m0.020s
sys	0m0.004s

   - Repeticion  2

real	0m9.408s
user	0m0.012s
sys	0m0.012s

   - Repeticion  3

real	0m13.316s
user	0m0.020s
sys	0m0.004s

   - Repeticion  4

real	0m9.349s
user	0m0.016s
sys	0m0.008s

   - Repeticion  5

real	0m9.400s
user	0m0.016s
sys	0m0.008s

   - Repeticion  6

real	0m9.423s
user	0m0.024s
sys	0m0.000s

   - Repeticion  7

real	0m9.379s
user	0m0.024s
sys	0m0.000s

   - Repeticion  8

real	0m13.511s
user	0m0.020s
sys	0m0.004s

   - Repeticion  9

real	0m9.315s
user	0m0.024s
sys	0m0.000s

   - Repeticion  10

real	0m9.350s
user	0m0.024s
sys	0m0.000s

- Num. Procesos 2

   - Repeticion  1

real	0m12.295s
user	0m0.020s
sys	0m0.004s

   - Repeticion  2

real	0m13.211s
user	0m0.020s
sys	0m0.004s

   - Repeticion  3

real	0m13.150s
user	0m0.024s
sys	0m0.000s

   - Repeticion  4

real	0m12.759s
user	0m0.024s
sys	0m0.000s

   - Repeticion  5

real	0m13.267s
user	0m0.024s
sys	0m0.000s

   - Repeticion  6

real	0m4.755s
user	0m0.016s
sys	0m0.008s

   - Repeticion  7

real	0m12.686s
user	0m0.020s
sys	0m0.004s

   - Repeticion  8

real	0m7.628s
user	0m0.020s
sys	0m0.004s

   - Repeticion  9

real	0m6.195s
user	0m0.024s
sys	0m0.000s

   - Repeticion  10

real	0m12.329s
user	0m0.020s
sys	0m0.004s

- Num. Procesos 4

   - Repeticion  1

real	0m6.622s
user	0m0.024s
sys	0m0.000s

   - Repeticion  2

real	0m6.605s
user	0m0.024s
sys	0m0.000s

   - Repeticion  3

real	0m6.673s
user	0m0.024s
sys	0m0.000s

   - Repeticion  4

real	0m6.626s
user	0m0.020s
sys	0m0.004s

   - Repeticion  5

real	0m6.650s
user	0m0.024s
sys	0m0.000s

   - Repeticion  6

real	0m6.667s
user	0m0.024s
sys	0m0.000s

   - Repeticion  7

real	0m6.626s
user	0m0.024s
sys	0m0.000s

   - Repeticion  8

real	0m6.651s
user	0m0.016s
sys	0m0.008s

   - Repeticion  9

real	0m6.644s
user	0m0.024s
sys	0m0.000s

   - Repeticion  10

real	0m6.658s
user	0m0.020s
sys	0m0.004s
