
--------------------
Matriz 8

- Num. Hilos 1

   - Repeticion  1

real	0m0.001s
user	0m0.000s
sys	0m0.000s

   - Repeticion  2

real	0m0.001s
user	0m0.000s
sys	0m0.000s

   - Repeticion  3

real	0m0.001s
user	0m0.000s
sys	0m0.000s

   - Repeticion  4

real	0m0.001s
user	0m0.000s
sys	0m0.000s

   - Repeticion  5

real	0m0.001s
user	0m0.000s
sys	0m0.000s

   - Repeticion  6

real	0m0.001s
user	0m0.000s
sys	0m0.000s

   - Repeticion  7

real	0m0.001s
user	0m0.000s
sys	0m0.000s

   - Repeticion  8

real	0m0.001s
user	0m0.000s
sys	0m0.000s

   - Repeticion  9

real	0m0.001s
user	0m0.000s
sys	0m0.000s

   - Repeticion  10

real	0m0.001s
user	0m0.000s
sys	0m0.000s

- Num. Hilos 2

   - Repeticion  1

real	0m0.001s
user	0m0.000s
sys	0m0.000s

   - Repeticion  2

real	0m0.001s
user	0m0.000s
sys	0m0.000s

   - Repeticion  3

real	0m0.001s
user	0m0.000s
sys	0m0.000s

   - Repeticion  4

real	0m0.001s
user	0m0.000s
sys	0m0.000s

   - Repeticion  5

real	0m0.001s
user	0m0.000s
sys	0m0.000s

   - Repeticion  6

real	0m0.001s
user	0m0.000s
sys	0m0.000s

   - Repeticion  7

real	0m0.001s
user	0m0.000s
sys	0m0.000s

   - Repeticion  8

real	0m0.001s
user	0m0.000s
sys	0m0.000s

   - Repeticion  9

real	0m0.001s
user	0m0.000s
sys	0m0.000s

   - Repeticion  10

real	0m0.001s
user	0m0.000s
sys	0m0.000s

- Num. Hilos 4

   - Repeticion  1

real	0m0.001s
user	0m0.000s
sys	0m0.000s

   - Repeticion  2

real	0m0.001s
user	0m0.000s
sys	0m0.000s

   - Repeticion  3

real	0m0.001s
user	0m0.000s
sys	0m0.000s

   - Repeticion  4

real	0m0.001s
user	0m0.000s
sys	0m0.000s

   - Repeticion  5

real	0m0.001s
user	0m0.000s
sys	0m0.000s

   - Repeticion  6

real	0m0.001s
user	0m0.000s
sys	0m0.000s

   - Repeticion  7

real	0m0.001s
user	0m0.000s
sys	0m0.000s

   - Repeticion  8

real	0m0.001s
user	0m0.000s
sys	0m0.000s

   - Repeticion  9

real	0m0.001s
user	0m0.000s
sys	0m0.000s

   - Repeticion  10

real	0m0.001s
user	0m0.000s
sys	0m0.000s

- Num. Hilos 8

   - Repeticion  1

real	0m0.001s
user	0m0.000s
sys	0m0.000s

   - Repeticion  2

real	0m0.001s
user	0m0.000s
sys	0m0.000s

   - Repeticion  3

real	0m0.001s
user	0m0.000s
sys	0m0.000s

   - Repeticion  4

real	0m0.001s
user	0m0.000s
sys	0m0.000s

   - Repeticion  5

real	0m0.001s
user	0m0.000s
sys	0m0.000s

   - Repeticion  6

real	0m0.001s
user	0m0.000s
sys	0m0.000s

   - Repeticion  7

real	0m0.001s
user	0m0.000s
sys	0m0.000s

   - Repeticion  8

real	0m0.001s
user	0m0.000s
sys	0m0.000s

   - Repeticion  9

real	0m0.001s
user	0m0.000s
sys	0m0.000s

   - Repeticion  10

real	0m0.001s
user	0m0.000s
sys	0m0.000s

- Num. Hilos 16

   - Repeticion  1

real	0m0.001s
user	0m0.000s
sys	0m0.000s

   - Repeticion  2

real	0m0.001s
user	0m0.000s
sys	0m0.000s

   - Repeticion  3

real	0m0.001s
user	0m0.000s
sys	0m0.000s

   - Repeticion  4

real	0m0.001s
user	0m0.000s
sys	0m0.000s

   - Repeticion  5

real	0m0.001s
user	0m0.000s
sys	0m0.000s

   - Repeticion  6

real	0m0.001s
user	0m0.000s
sys	0m0.000s

   - Repeticion  7

real	0m0.001s
user	0m0.000s
sys	0m0.000s

   - Repeticion  8

real	0m0.001s
user	0m0.000s
sys	0m0.000s

   - Repeticion  9

real	0m0.001s
user	0m0.000s
sys	0m0.000s

   - Repeticion  10

real	0m0.001s
user	0m0.000s
sys	0m0.000s
--------------------
Matriz 16

- Num. Hilos 1

   - Repeticion  1

real	0m0.001s
user	0m0.000s
sys	0m0.000s

   - Repeticion  2

real	0m0.001s
user	0m0.000s
sys	0m0.000s

   - Repeticion  3

real	0m0.001s
user	0m0.000s
sys	0m0.000s

   - Repeticion  4

real	0m0.001s
user	0m0.000s
sys	0m0.000s

   - Repeticion  5

real	0m0.001s
user	0m0.000s
sys	0m0.000s

   - Repeticion  6

real	0m0.001s
user	0m0.000s
sys	0m0.000s

   - Repeticion  7

real	0m0.001s
user	0m0.000s
sys	0m0.000s

   - Repeticion  8

real	0m0.001s
user	0m0.000s
sys	0m0.000s

   - Repeticion  9

real	0m0.001s
user	0m0.000s
sys	0m0.000s

   - Repeticion  10

real	0m0.001s
user	0m0.000s
sys	0m0.000s

- Num. Hilos 2

   - Repeticion  1

real	0m0.001s
user	0m0.000s
sys	0m0.000s

   - Repeticion  2

real	0m0.001s
user	0m0.000s
sys	0m0.000s

   - Repeticion  3

real	0m0.001s
user	0m0.000s
sys	0m0.000s

   - Repeticion  4

real	0m0.001s
user	0m0.000s
sys	0m0.000s

   - Repeticion  5

real	0m0.001s
user	0m0.000s
sys	0m0.000s

   - Repeticion  6

real	0m0.001s
user	0m0.000s
sys	0m0.000s

   - Repeticion  7

real	0m0.001s
user	0m0.000s
sys	0m0.000s

   - Repeticion  8

real	0m0.001s
user	0m0.000s
sys	0m0.000s

   - Repeticion  9

real	0m0.001s
user	0m0.000s
sys	0m0.000s

   - Repeticion  10

real	0m0.001s
user	0m0.000s
sys	0m0.000s

- Num. Hilos 4

   - Repeticion  1

real	0m0.001s
user	0m0.000s
sys	0m0.000s

   - Repeticion  2

real	0m0.001s
user	0m0.000s
sys	0m0.000s

   - Repeticion  3

real	0m0.001s
user	0m0.000s
sys	0m0.000s

   - Repeticion  4

real	0m0.001s
user	0m0.000s
sys	0m0.000s

   - Repeticion  5

real	0m0.001s
user	0m0.000s
sys	0m0.000s

   - Repeticion  6

real	0m0.001s
user	0m0.000s
sys	0m0.000s

   - Repeticion  7

real	0m0.001s
user	0m0.000s
sys	0m0.000s

   - Repeticion  8

real	0m0.001s
user	0m0.000s
sys	0m0.000s

   - Repeticion  9

real	0m0.001s
user	0m0.000s
sys	0m0.000s

   - Repeticion  10

real	0m0.001s
user	0m0.000s
sys	0m0.000s

- Num. Hilos 8

   - Repeticion  1

real	0m0.001s
user	0m0.000s
sys	0m0.000s

   - Repeticion  2

real	0m0.001s
user	0m0.000s
sys	0m0.000s

   - Repeticion  3

real	0m0.001s
user	0m0.000s
sys	0m0.000s

   - Repeticion  4

real	0m0.001s
user	0m0.000s
sys	0m0.000s

   - Repeticion  5

real	0m0.001s
user	0m0.000s
sys	0m0.000s

   - Repeticion  6

real	0m0.001s
user	0m0.000s
sys	0m0.000s

   - Repeticion  7

real	0m0.001s
user	0m0.000s
sys	0m0.000s

   - Repeticion  8

real	0m0.001s
user	0m0.000s
sys	0m0.000s

   - Repeticion  9

real	0m0.001s
user	0m0.000s
sys	0m0.000s

   - Repeticion  10

real	0m0.001s
user	0m0.000s
sys	0m0.000s

- Num. Hilos 16

   - Repeticion  1

real	0m0.001s
user	0m0.000s
sys	0m0.000s

   - Repeticion  2

real	0m0.001s
user	0m0.000s
sys	0m0.000s

   - Repeticion  3

real	0m0.001s
user	0m0.000s
sys	0m0.000s

   - Repeticion  4

real	0m0.001s
user	0m0.000s
sys	0m0.000s

   - Repeticion  5

real	0m0.001s
user	0m0.000s
sys	0m0.000s

   - Repeticion  6

real	0m0.001s
user	0m0.000s
sys	0m0.000s

   - Repeticion  7

real	0m0.001s
user	0m0.000s
sys	0m0.000s

   - Repeticion  8

real	0m0.001s
user	0m0.000s
sys	0m0.000s

   - Repeticion  9

real	0m0.001s
user	0m0.000s
sys	0m0.000s

   - Repeticion  10

real	0m0.001s
user	0m0.000s
sys	0m0.000s
--------------------
Matriz 32

- Num. Hilos 1

   - Repeticion  1

real	0m0.001s
user	0m0.000s
sys	0m0.000s

   - Repeticion  2

real	0m0.001s
user	0m0.000s
sys	0m0.000s

   - Repeticion  3

real	0m0.001s
user	0m0.000s
sys	0m0.000s

   - Repeticion  4

real	0m0.001s
user	0m0.000s
sys	0m0.000s

   - Repeticion  5

real	0m0.001s
user	0m0.000s
sys	0m0.000s

   - Repeticion  6

real	0m0.001s
user	0m0.000s
sys	0m0.000s

   - Repeticion  7

real	0m0.001s
user	0m0.000s
sys	0m0.000s

   - Repeticion  8

real	0m0.001s
user	0m0.000s
sys	0m0.000s

   - Repeticion  9

real	0m0.001s
user	0m0.000s
sys	0m0.000s

   - Repeticion  10

real	0m0.001s
user	0m0.000s
sys	0m0.000s

- Num. Hilos 2

   - Repeticion  1

real	0m0.001s
user	0m0.000s
sys	0m0.000s

   - Repeticion  2

real	0m0.001s
user	0m0.000s
sys	0m0.000s

   - Repeticion  3

real	0m0.001s
user	0m0.000s
sys	0m0.000s

   - Repeticion  4

real	0m0.001s
user	0m0.000s
sys	0m0.000s

   - Repeticion  5

real	0m0.001s
user	0m0.000s
sys	0m0.000s

   - Repeticion  6

real	0m0.001s
user	0m0.000s
sys	0m0.000s

   - Repeticion  7

real	0m0.001s
user	0m0.000s
sys	0m0.000s

   - Repeticion  8

real	0m0.001s
user	0m0.000s
sys	0m0.000s

   - Repeticion  9

real	0m0.001s
user	0m0.000s
sys	0m0.000s

   - Repeticion  10

real	0m0.001s
user	0m0.000s
sys	0m0.000s

- Num. Hilos 4

   - Repeticion  1

real	0m0.001s
user	0m0.000s
sys	0m0.000s

   - Repeticion  2

real	0m0.001s
user	0m0.000s
sys	0m0.000s

   - Repeticion  3

real	0m0.001s
user	0m0.000s
sys	0m0.000s

   - Repeticion  4

real	0m0.001s
user	0m0.000s
sys	0m0.000s

   - Repeticion  5

real	0m0.001s
user	0m0.000s
sys	0m0.000s

   - Repeticion  6

real	0m0.001s
user	0m0.000s
sys	0m0.000s

   - Repeticion  7

real	0m0.001s
user	0m0.000s
sys	0m0.000s

   - Repeticion  8

real	0m0.001s
user	0m0.000s
sys	0m0.000s

   - Repeticion  9

real	0m0.001s
user	0m0.000s
sys	0m0.000s

   - Repeticion  10

real	0m0.001s
user	0m0.000s
sys	0m0.000s

- Num. Hilos 8

   - Repeticion  1

real	0m0.001s
user	0m0.000s
sys	0m0.000s

   - Repeticion  2

real	0m0.001s
user	0m0.000s
sys	0m0.000s

   - Repeticion  3

real	0m0.001s
user	0m0.000s
sys	0m0.000s

   - Repeticion  4

real	0m0.001s
user	0m0.000s
sys	0m0.000s

   - Repeticion  5

real	0m0.001s
user	0m0.000s
sys	0m0.000s

   - Repeticion  6

real	0m0.001s
user	0m0.000s
sys	0m0.000s

   - Repeticion  7

real	0m0.001s
user	0m0.000s
sys	0m0.000s

   - Repeticion  8

real	0m0.001s
user	0m0.000s
sys	0m0.000s

   - Repeticion  9

real	0m0.001s
user	0m0.000s
sys	0m0.000s

   - Repeticion  10

real	0m0.001s
user	0m0.000s
sys	0m0.000s

- Num. Hilos 16

   - Repeticion  1

real	0m0.001s
user	0m0.000s
sys	0m0.000s

   - Repeticion  2

real	0m0.001s
user	0m0.000s
sys	0m0.000s

   - Repeticion  3

real	0m0.001s
user	0m0.000s
sys	0m0.000s

   - Repeticion  4

real	0m0.001s
user	0m0.000s
sys	0m0.000s

   - Repeticion  5

real	0m0.001s
user	0m0.000s
sys	0m0.000s

   - Repeticion  6

real	0m0.001s
user	0m0.000s
sys	0m0.000s

   - Repeticion  7

real	0m0.001s
user	0m0.000s
sys	0m0.000s

   - Repeticion  8

real	0m0.001s
user	0m0.000s
sys	0m0.000s

   - Repeticion  9

real	0m0.001s
user	0m0.000s
sys	0m0.000s

   - Repeticion  10

real	0m0.001s
user	0m0.000s
sys	0m0.000s
--------------------
Matriz 64

- Num. Hilos 1

   - Repeticion  1

real	0m0.003s
user	0m0.000s
sys	0m0.000s

   - Repeticion  2

real	0m0.002s
user	0m0.000s
sys	0m0.000s

   - Repeticion  3

real	0m0.003s
user	0m0.000s
sys	0m0.000s

   - Repeticion  4

real	0m0.002s
user	0m0.000s
sys	0m0.000s

   - Repeticion  5

real	0m0.003s
user	0m0.000s
sys	0m0.000s

   - Repeticion  6

real	0m0.003s
user	0m0.000s
sys	0m0.000s

   - Repeticion  7

real	0m0.002s
user	0m0.000s
sys	0m0.000s

   - Repeticion  8

real	0m0.002s
user	0m0.000s
sys	0m0.000s

   - Repeticion  9

real	0m0.002s
user	0m0.000s
sys	0m0.000s

   - Repeticion  10

real	0m0.002s
user	0m0.000s
sys	0m0.000s

- Num. Hilos 2

   - Repeticion  1

real	0m0.002s
user	0m0.000s
sys	0m0.000s

   - Repeticion  2

real	0m0.002s
user	0m0.000s
sys	0m0.000s

   - Repeticion  3

real	0m0.002s
user	0m0.000s
sys	0m0.000s

   - Repeticion  4

real	0m0.002s
user	0m0.000s
sys	0m0.000s

   - Repeticion  5

real	0m0.002s
user	0m0.000s
sys	0m0.000s

   - Repeticion  6

real	0m0.002s
user	0m0.000s
sys	0m0.000s

   - Repeticion  7

real	0m0.002s
user	0m0.000s
sys	0m0.000s

   - Repeticion  8

real	0m0.002s
user	0m0.000s
sys	0m0.000s

   - Repeticion  9

real	0m0.001s
user	0m0.000s
sys	0m0.000s

   - Repeticion  10

real	0m0.001s
user	0m0.000s
sys	0m0.000s

- Num. Hilos 4

   - Repeticion  1

real	0m0.002s
user	0m0.000s
sys	0m0.000s

   - Repeticion  2

real	0m0.001s
user	0m0.000s
sys	0m0.000s

   - Repeticion  3

real	0m0.001s
user	0m0.000s
sys	0m0.000s

   - Repeticion  4

real	0m0.002s
user	0m0.000s
sys	0m0.000s

   - Repeticion  5

real	0m0.002s
user	0m0.000s
sys	0m0.000s

   - Repeticion  6

real	0m0.002s
user	0m0.000s
sys	0m0.000s

   - Repeticion  7

real	0m0.002s
user	0m0.000s
sys	0m0.000s

   - Repeticion  8

real	0m0.002s
user	0m0.000s
sys	0m0.000s

   - Repeticion  9

real	0m0.002s
user	0m0.000s
sys	0m0.000s

   - Repeticion  10

real	0m0.001s
user	0m0.000s
sys	0m0.000s

- Num. Hilos 8

   - Repeticion  1

real	0m0.002s
user	0m0.000s
sys	0m0.000s

   - Repeticion  2

real	0m0.002s
user	0m0.000s
sys	0m0.000s

   - Repeticion  3

real	0m0.002s
user	0m0.000s
sys	0m0.000s

   - Repeticion  4

real	0m0.003s
user	0m0.000s
sys	0m0.000s

   - Repeticion  5

real	0m0.002s
user	0m0.000s
sys	0m0.000s

   - Repeticion  6

real	0m0.002s
user	0m0.000s
sys	0m0.000s

   - Repeticion  7

real	0m0.002s
user	0m0.000s
sys	0m0.000s

   - Repeticion  8

real	0m0.002s
user	0m0.000s
sys	0m0.000s

   - Repeticion  9

real	0m0.002s
user	0m0.000s
sys	0m0.000s

   - Repeticion  10

real	0m0.003s
user	0m0.000s
sys	0m0.000s

- Num. Hilos 16

   - Repeticion  1

real	0m0.002s
user	0m0.000s
sys	0m0.000s

   - Repeticion  2

real	0m0.002s
user	0m0.000s
sys	0m0.000s

   - Repeticion  3

real	0m0.002s
user	0m0.000s
sys	0m0.000s

   - Repeticion  4

real	0m0.002s
user	0m0.000s
sys	0m0.000s

   - Repeticion  5

real	0m0.002s
user	0m0.000s
sys	0m0.000s

   - Repeticion  6

real	0m0.002s
user	0m0.000s
sys	0m0.000s

   - Repeticion  7

real	0m0.002s
user	0m0.000s
sys	0m0.000s

   - Repeticion  8

real	0m0.002s
user	0m0.000s
sys	0m0.000s

   - Repeticion  9

real	0m0.002s
user	0m0.000s
sys	0m0.000s

   - Repeticion  10

real	0m0.002s
user	0m0.000s
sys	0m0.000s
--------------------
Matriz 128

- Num. Hilos 1

   - Repeticion  1

real	0m0.012s
user	0m0.012s
sys	0m0.000s

   - Repeticion  2

real	0m0.012s
user	0m0.012s
sys	0m0.000s

   - Repeticion  3

real	0m0.012s
user	0m0.008s
sys	0m0.000s

   - Repeticion  4

real	0m0.013s
user	0m0.012s
sys	0m0.000s

   - Repeticion  5

real	0m0.013s
user	0m0.012s
sys	0m0.000s

   - Repeticion  6

real	0m0.012s
user	0m0.012s
sys	0m0.000s

   - Repeticion  7

real	0m0.012s
user	0m0.008s
sys	0m0.004s

   - Repeticion  8

real	0m0.012s
user	0m0.012s
sys	0m0.000s

   - Repeticion  9

real	0m0.013s
user	0m0.012s
sys	0m0.000s

   - Repeticion  10

real	0m0.013s
user	0m0.012s
sys	0m0.000s

- Num. Hilos 2

   - Repeticion  1

real	0m0.012s
user	0m0.020s
sys	0m0.000s

   - Repeticion  2

real	0m0.009s
user	0m0.012s
sys	0m0.000s

   - Repeticion  3

real	0m0.007s
user	0m0.012s
sys	0m0.000s

   - Repeticion  4

real	0m0.007s
user	0m0.012s
sys	0m0.000s

   - Repeticion  5

real	0m0.007s
user	0m0.012s
sys	0m0.000s

   - Repeticion  6

real	0m0.008s
user	0m0.012s
sys	0m0.000s

   - Repeticion  7

real	0m0.008s
user	0m0.012s
sys	0m0.000s

   - Repeticion  8

real	0m0.007s
user	0m0.012s
sys	0m0.000s

   - Repeticion  9

real	0m0.007s
user	0m0.012s
sys	0m0.000s

   - Repeticion  10

real	0m0.007s
user	0m0.008s
sys	0m0.004s

- Num. Hilos 4

   - Repeticion  1

real	0m0.007s
user	0m0.024s
sys	0m0.000s

   - Repeticion  2

real	0m0.007s
user	0m0.016s
sys	0m0.000s

   - Repeticion  3

real	0m0.007s
user	0m0.024s
sys	0m0.000s

   - Repeticion  4

real	0m0.007s
user	0m0.012s
sys	0m0.004s

   - Repeticion  5

real	0m0.008s
user	0m0.016s
sys	0m0.000s

   - Repeticion  6

real	0m0.008s
user	0m0.012s
sys	0m0.004s

   - Repeticion  7

real	0m0.008s
user	0m0.024s
sys	0m0.000s

   - Repeticion  8

real	0m0.007s
user	0m0.024s
sys	0m0.000s

   - Repeticion  9

real	0m0.007s
user	0m0.024s
sys	0m0.000s

   - Repeticion  10

real	0m0.007s
user	0m0.024s
sys	0m0.000s

- Num. Hilos 8

   - Repeticion  1

real	0m0.007s
user	0m0.020s
sys	0m0.000s

   - Repeticion  2

real	0m0.007s
user	0m0.020s
sys	0m0.000s

   - Repeticion  3

real	0m0.008s
user	0m0.016s
sys	0m0.000s

   - Repeticion  4

real	0m0.007s
user	0m0.024s
sys	0m0.000s

   - Repeticion  5

real	0m0.007s
user	0m0.024s
sys	0m0.000s

   - Repeticion  6

real	0m0.007s
user	0m0.020s
sys	0m0.000s

   - Repeticion  7

real	0m0.007s
user	0m0.024s
sys	0m0.000s

   - Repeticion  8

real	0m0.008s
user	0m0.020s
sys	0m0.000s

   - Repeticion  9

real	0m0.008s
user	0m0.020s
sys	0m0.000s

   - Repeticion  10

real	0m0.007s
user	0m0.024s
sys	0m0.000s

- Num. Hilos 16

   - Repeticion  1

real	0m0.008s
user	0m0.020s
sys	0m0.000s

   - Repeticion  2

real	0m0.008s
user	0m0.024s
sys	0m0.000s

   - Repeticion  3

real	0m0.007s
user	0m0.020s
sys	0m0.000s

   - Repeticion  4

real	0m0.007s
user	0m0.020s
sys	0m0.000s

   - Repeticion  5

real	0m0.007s
user	0m0.020s
sys	0m0.000s

   - Repeticion  6

real	0m0.007s
user	0m0.024s
sys	0m0.000s

   - Repeticion  7

real	0m0.007s
user	0m0.024s
sys	0m0.000s

   - Repeticion  8

real	0m0.008s
user	0m0.020s
sys	0m0.000s

   - Repeticion  9

real	0m0.008s
user	0m0.020s
sys	0m0.000s

   - Repeticion  10

real	0m0.008s
user	0m0.024s
sys	0m0.000s
--------------------
Matriz 256

- Num. Hilos 1

   - Repeticion  1

real	0m0.105s
user	0m0.104s
sys	0m0.000s

   - Repeticion  2

real	0m0.105s
user	0m0.104s
sys	0m0.000s

   - Repeticion  3

real	0m0.105s
user	0m0.104s
sys	0m0.000s

   - Repeticion  4

real	0m0.106s
user	0m0.104s
sys	0m0.000s

   - Repeticion  5

real	0m0.106s
user	0m0.104s
sys	0m0.000s

   - Repeticion  6

real	0m0.106s
user	0m0.104s
sys	0m0.000s

   - Repeticion  7

real	0m0.105s
user	0m0.104s
sys	0m0.000s

   - Repeticion  8

real	0m0.105s
user	0m0.104s
sys	0m0.000s

   - Repeticion  9

real	0m0.105s
user	0m0.104s
sys	0m0.000s

   - Repeticion  10

real	0m0.105s
user	0m0.104s
sys	0m0.000s

- Num. Hilos 2

   - Repeticion  1

real	0m0.100s
user	0m0.192s
sys	0m0.004s

   - Repeticion  2

real	0m0.059s
user	0m0.112s
sys	0m0.000s

   - Repeticion  3

real	0m0.099s
user	0m0.188s
sys	0m0.004s

   - Repeticion  4

real	0m0.059s
user	0m0.112s
sys	0m0.000s

   - Repeticion  5

real	0m0.098s
user	0m0.192s
sys	0m0.000s

   - Repeticion  6

real	0m0.099s
user	0m0.192s
sys	0m0.000s

   - Repeticion  7

real	0m0.101s
user	0m0.196s
sys	0m0.000s

   - Repeticion  8

real	0m0.101s
user	0m0.196s
sys	0m0.000s

   - Repeticion  9

real	0m0.099s
user	0m0.192s
sys	0m0.000s

   - Repeticion  10

real	0m0.099s
user	0m0.192s
sys	0m0.000s

- Num. Hilos 4

   - Repeticion  1

real	0m0.057s
user	0m0.204s
sys	0m0.004s

   - Repeticion  2

real	0m0.056s
user	0m0.208s
sys	0m0.000s

   - Repeticion  3

real	0m0.056s
user	0m0.208s
sys	0m0.000s

   - Repeticion  4

real	0m0.057s
user	0m0.212s
sys	0m0.000s

   - Repeticion  5

real	0m0.058s
user	0m0.208s
sys	0m0.004s

   - Repeticion  6

real	0m0.057s
user	0m0.208s
sys	0m0.000s

   - Repeticion  7

real	0m0.058s
user	0m0.212s
sys	0m0.000s

   - Repeticion  8

real	0m0.058s
user	0m0.208s
sys	0m0.000s

   - Repeticion  9

real	0m0.056s
user	0m0.216s
sys	0m0.000s

   - Repeticion  10

real	0m0.056s
user	0m0.212s
sys	0m0.000s

- Num. Hilos 8

   - Repeticion  1

real	0m0.059s
user	0m0.212s
sys	0m0.000s

   - Repeticion  2

real	0m0.061s
user	0m0.204s
sys	0m0.004s

   - Repeticion  3

real	0m0.060s
user	0m0.220s
sys	0m0.000s

   - Repeticion  4

real	0m0.058s
user	0m0.220s
sys	0m0.000s

   - Repeticion  5

real	0m0.063s
user	0m0.200s
sys	0m0.008s

   - Repeticion  6

real	0m0.058s
user	0m0.204s
sys	0m0.000s

   - Repeticion  7

real	0m0.058s
user	0m0.212s
sys	0m0.000s

   - Repeticion  8

real	0m0.059s
user	0m0.208s
sys	0m0.000s

   - Repeticion  9

real	0m0.058s
user	0m0.216s
sys	0m0.000s

   - Repeticion  10

real	0m0.059s
user	0m0.208s
sys	0m0.000s

- Num. Hilos 16

   - Repeticion  1

real	0m0.057s
user	0m0.212s
sys	0m0.000s

   - Repeticion  2

real	0m0.057s
user	0m0.208s
sys	0m0.000s

   - Repeticion  3

real	0m0.059s
user	0m0.216s
sys	0m0.000s

   - Repeticion  4

real	0m0.058s
user	0m0.212s
sys	0m0.004s

   - Repeticion  5

real	0m0.057s
user	0m0.212s
sys	0m0.000s

   - Repeticion  6

real	0m0.059s
user	0m0.216s
sys	0m0.000s

   - Repeticion  7

real	0m0.059s
user	0m0.220s
sys	0m0.000s

   - Repeticion  8

real	0m0.057s
user	0m0.212s
sys	0m0.000s

   - Repeticion  9

real	0m0.057s
user	0m0.208s
sys	0m0.004s

   - Repeticion  10

real	0m0.059s
user	0m0.212s
sys	0m0.000s
--------------------
Matriz 512

- Num. Hilos 1

   - Repeticion  1

real	0m0.874s
user	0m0.868s
sys	0m0.004s

   - Repeticion  2

real	0m0.883s
user	0m0.876s
sys	0m0.004s

   - Repeticion  3

real	0m0.883s
user	0m0.880s
sys	0m0.000s

   - Repeticion  4

real	0m0.882s
user	0m0.880s
sys	0m0.000s

   - Repeticion  5

real	0m0.881s
user	0m0.880s
sys	0m0.000s

   - Repeticion  6

real	0m0.884s
user	0m0.884s
sys	0m0.000s

   - Repeticion  7

real	0m0.882s
user	0m0.872s
sys	0m0.008s

   - Repeticion  8

real	0m0.885s
user	0m0.884s
sys	0m0.000s

   - Repeticion  9

real	0m0.872s
user	0m0.868s
sys	0m0.000s

   - Repeticion  10

real	0m0.871s
user	0m0.868s
sys	0m0.000s

- Num. Hilos 2

   - Repeticion  1

real	0m0.946s
user	0m1.876s
sys	0m0.004s

   - Repeticion  2

real	0m0.940s
user	0m1.872s
sys	0m0.000s

   - Repeticion  3

real	0m0.944s
user	0m1.872s
sys	0m0.004s

   - Repeticion  4

real	0m0.939s
user	0m1.868s
sys	0m0.000s

   - Repeticion  5

real	0m0.947s
user	0m1.880s
sys	0m0.000s

   - Repeticion  6

real	0m0.952s
user	0m1.888s
sys	0m0.004s

   - Repeticion  7

real	0m0.951s
user	0m1.884s
sys	0m0.008s

   - Repeticion  8

real	0m0.942s
user	0m1.872s
sys	0m0.000s

   - Repeticion  9

real	0m0.945s
user	0m1.876s
sys	0m0.004s

   - Repeticion  10

real	0m0.947s
user	0m1.880s
sys	0m0.000s

- Num. Hilos 4

   - Repeticion  1

real	0m0.537s
user	0m2.064s
sys	0m0.000s

   - Repeticion  2

real	0m0.536s
user	0m2.084s
sys	0m0.000s

   - Repeticion  3

real	0m0.538s
user	0m2.088s
sys	0m0.000s

   - Repeticion  4

real	0m0.520s
user	0m2.044s
sys	0m0.000s

   - Repeticion  5

real	0m0.521s
user	0m2.044s
sys	0m0.004s

   - Repeticion  6

real	0m0.536s
user	0m2.084s
sys	0m0.000s

   - Repeticion  7

real	0m0.541s
user	0m2.108s
sys	0m0.000s

   - Repeticion  8

real	0m0.541s
user	0m2.088s
sys	0m0.004s

   - Repeticion  9

real	0m0.543s
user	0m2.088s
sys	0m0.004s

   - Repeticion  10

real	0m0.521s
user	0m2.036s
sys	0m0.000s

- Num. Hilos 8

   - Repeticion  1

real	0m0.535s
user	0m2.080s
sys	0m0.004s

   - Repeticion  2

real	0m0.550s
user	0m2.088s
sys	0m0.008s

   - Repeticion  3

real	0m0.550s
user	0m2.112s
sys	0m0.000s

   - Repeticion  4

real	0m0.537s
user	0m2.108s
sys	0m0.000s

   - Repeticion  5

real	0m0.542s
user	0m2.104s
sys	0m0.004s

   - Repeticion  6

real	0m0.538s
user	0m2.112s
sys	0m0.000s

   - Repeticion  7

real	0m0.552s
user	0m2.096s
sys	0m0.000s

   - Repeticion  8

real	0m0.536s
user	0m2.112s
sys	0m0.004s

   - Repeticion  9

real	0m0.539s
user	0m2.100s
sys	0m0.000s

   - Repeticion  10

real	0m0.535s
user	0m2.076s
sys	0m0.000s

- Num. Hilos 16

   - Repeticion  1

real	0m0.537s
user	0m2.108s
sys	0m0.000s

   - Repeticion  2

real	0m0.538s
user	0m2.112s
sys	0m0.004s

   - Repeticion  3

real	0m0.537s
user	0m2.096s
sys	0m0.004s

   - Repeticion  4

real	0m0.540s
user	0m2.112s
sys	0m0.004s

   - Repeticion  5

real	0m0.534s
user	0m2.092s
sys	0m0.004s

   - Repeticion  6

real	0m0.535s
user	0m2.100s
sys	0m0.000s

   - Repeticion  7

real	0m0.536s
user	0m2.104s
sys	0m0.000s

   - Repeticion  8

real	0m0.540s
user	0m2.108s
sys	0m0.000s

   - Repeticion  9

real	0m0.539s
user	0m2.104s
sys	0m0.000s

   - Repeticion  10

real	0m0.539s
user	0m2.116s
sys	0m0.000s
--------------------
Matriz 1024

- Num. Hilos 1

   - Repeticion  1

real	0m16.885s
user	0m16.876s
sys	0m0.016s

   - Repeticion  2

real	0m16.911s
user	0m16.912s
sys	0m0.008s

   - Repeticion  3

real	0m17.017s
user	0m17.008s
sys	0m0.016s

   - Repeticion  4

real	0m17.005s
user	0m16.996s
sys	0m0.016s

   - Repeticion  5

real	0m17.049s
user	0m17.048s
sys	0m0.008s

   - Repeticion  6

real	0m17.017s
user	0m17.020s
sys	0m0.004s

   - Repeticion  7

real	0m17.178s
user	0m17.160s
sys	0m0.016s

   - Repeticion  8

real	0m15.266s
user	0m15.252s
sys	0m0.012s

   - Repeticion  9

real	0m15.300s
user	0m15.276s
sys	0m0.020s

   - Repeticion  10

real	0m17.058s
user	0m17.048s
sys	0m0.016s

- Num. Hilos 2

   - Repeticion  1

real	0m13.324s
user	0m26.632s
sys	0m0.004s

   - Repeticion  2

real	0m8.617s
user	0m17.212s
sys	0m0.000s

   - Repeticion  3

real	0m10.445s
user	0m20.844s
sys	0m0.012s

   - Repeticion  4

real	0m11.301s
user	0m22.564s
sys	0m0.016s

   - Repeticion  5

real	0m9.841s
user	0m19.644s
sys	0m0.012s

   - Repeticion  6

real	0m11.769s
user	0m23.508s
sys	0m0.008s

   - Repeticion  7

real	0m8.316s
user	0m16.576s
sys	0m0.024s

   - Repeticion  8

real	0m11.423s
user	0m22.780s
sys	0m0.036s

   - Repeticion  9

real	0m8.292s
user	0m16.532s
sys	0m0.008s

   - Repeticion  10

real	0m11.484s
user	0m22.924s
sys	0m0.016s

- Num. Hilos 4

   - Repeticion  1

real	0m6.151s
user	0m24.444s
sys	0m0.020s

   - Repeticion  2

real	0m6.873s
user	0m27.332s
sys	0m0.028s

   - Repeticion  3

real	0m5.551s
user	0m22.060s
sys	0m0.012s

   - Repeticion  4

real	0m6.476s
user	0m25.744s
sys	0m0.020s

   - Repeticion  5

real	0m6.872s
user	0m27.336s
sys	0m0.020s

   - Repeticion  6

real	0m5.861s
user	0m23.044s
sys	0m0.004s

   - Repeticion  7

real	0m6.595s
user	0m26.148s
sys	0m0.028s

   - Repeticion  8

real	0m6.879s
user	0m27.356s
sys	0m0.016s

   - Repeticion  9

real	0m6.092s
user	0m24.224s
sys	0m0.004s

   - Repeticion  10

real	0m6.666s
user	0m26.456s
sys	0m0.012s

- Num. Hilos 8

   - Repeticion  1

real	0m6.655s
user	0m26.360s
sys	0m0.024s

   - Repeticion  2

real	0m5.838s
user	0m23.188s
sys	0m0.016s

   - Repeticion  3

real	0m6.341s
user	0m25.104s
sys	0m0.028s

   - Repeticion  4

real	0m5.293s
user	0m20.908s
sys	0m0.008s

   - Repeticion  5

real	0m6.148s
user	0m24.328s
sys	0m0.004s

   - Repeticion  6

real	0m6.393s
user	0m25.296s
sys	0m0.020s

   - Repeticion  7

real	0m5.711s
user	0m22.548s
sys	0m0.020s

   - Repeticion  8

real	0m6.315s
user	0m24.868s
sys	0m0.084s

   - Repeticion  9

real	0m5.377s
user	0m21.208s
sys	0m0.032s

   - Repeticion  10

real	0m6.145s
user	0m24.336s
sys	0m0.056s

- Num. Hilos 16

   - Repeticion  1

real	0m6.720s
user	0m26.604s
sys	0m0.040s

   - Repeticion  2

real	0m5.798s
user	0m23.008s
sys	0m0.020s

   - Repeticion  3

real	0m6.755s
user	0m26.800s
sys	0m0.020s

   - Repeticion  4

real	0m5.169s
user	0m20.496s
sys	0m0.000s

   - Repeticion  5

real	0m6.244s
user	0m24.728s
sys	0m0.032s

   - Repeticion  6

real	0m6.620s
user	0m26.216s
sys	0m0.024s

   - Repeticion  7

real	0m5.970s
user	0m23.600s
sys	0m0.032s

   - Repeticion  8

real	0m6.638s
user	0m26.300s
sys	0m0.032s

   - Repeticion  9

real	0m5.220s
user	0m20.600s
sys	0m0.020s

   - Repeticion  10

real	0m6.104s
user	0m24.224s
sys	0m0.024s
