
--------------------
Matriz 8

- Num. Hilos 1

   - Repeticion  1

real	0m0.001s
user	0m0.000s
sys	0m0.000s

   - Repeticion  2

real	0m0.001s
user	0m0.000s
sys	0m0.000s

   - Repeticion  3

real	0m0.001s
user	0m0.000s
sys	0m0.000s

   - Repeticion  4

real	0m0.001s
user	0m0.000s
sys	0m0.000s

   - Repeticion  5

real	0m0.001s
user	0m0.000s
sys	0m0.000s

   - Repeticion  6

real	0m0.001s
user	0m0.000s
sys	0m0.000s

   - Repeticion  7

real	0m0.001s
user	0m0.000s
sys	0m0.000s

   - Repeticion  8

real	0m0.001s
user	0m0.000s
sys	0m0.000s

   - Repeticion  9

real	0m0.001s
user	0m0.000s
sys	0m0.000s

   - Repeticion  10

real	0m0.001s
user	0m0.000s
sys	0m0.000s

- Num. Hilos 2

   - Repeticion  1

real	0m0.001s
user	0m0.000s
sys	0m0.000s

   - Repeticion  2

real	0m0.001s
user	0m0.000s
sys	0m0.000s

   - Repeticion  3

real	0m0.001s
user	0m0.000s
sys	0m0.000s

   - Repeticion  4

real	0m0.001s
user	0m0.000s
sys	0m0.000s

   - Repeticion  5

real	0m0.001s
user	0m0.000s
sys	0m0.000s

   - Repeticion  6

real	0m0.001s
user	0m0.000s
sys	0m0.000s

   - Repeticion  7

real	0m0.001s
user	0m0.000s
sys	0m0.000s

   - Repeticion  8

real	0m0.001s
user	0m0.000s
sys	0m0.000s

   - Repeticion  9

real	0m0.001s
user	0m0.000s
sys	0m0.000s

   - Repeticion  10

real	0m0.001s
user	0m0.000s
sys	0m0.000s

- Num. Hilos 4

   - Repeticion  1

real	0m0.001s
user	0m0.000s
sys	0m0.000s

   - Repeticion  2

real	0m0.001s
user	0m0.000s
sys	0m0.000s

   - Repeticion  3

real	0m0.001s
user	0m0.000s
sys	0m0.000s

   - Repeticion  4

real	0m0.001s
user	0m0.000s
sys	0m0.000s

   - Repeticion  5

real	0m0.001s
user	0m0.000s
sys	0m0.000s

   - Repeticion  6

real	0m0.001s
user	0m0.000s
sys	0m0.000s

   - Repeticion  7

real	0m0.001s
user	0m0.000s
sys	0m0.000s

   - Repeticion  8

real	0m0.001s
user	0m0.000s
sys	0m0.000s

   - Repeticion  9

real	0m0.001s
user	0m0.000s
sys	0m0.000s

   - Repeticion  10

real	0m0.001s
user	0m0.000s
sys	0m0.000s

- Num. Hilos 8

   - Repeticion  1

real	0m0.001s
user	0m0.000s
sys	0m0.000s

   - Repeticion  2

real	0m0.001s
user	0m0.000s
sys	0m0.000s

   - Repeticion  3

real	0m0.001s
user	0m0.000s
sys	0m0.000s

   - Repeticion  4

real	0m0.001s
user	0m0.000s
sys	0m0.000s

   - Repeticion  5

real	0m0.001s
user	0m0.000s
sys	0m0.000s

   - Repeticion  6

real	0m0.001s
user	0m0.000s
sys	0m0.000s

   - Repeticion  7

real	0m0.001s
user	0m0.000s
sys	0m0.000s

   - Repeticion  8

real	0m0.001s
user	0m0.000s
sys	0m0.000s

   - Repeticion  9

real	0m0.001s
user	0m0.000s
sys	0m0.000s

   - Repeticion  10

real	0m0.001s
user	0m0.000s
sys	0m0.000s

- Num. Hilos 16

   - Repeticion  1

real	0m0.001s
user	0m0.000s
sys	0m0.000s

   - Repeticion  2

real	0m0.001s
user	0m0.000s
sys	0m0.000s

   - Repeticion  3

real	0m0.002s
user	0m0.000s
sys	0m0.000s

   - Repeticion  4

real	0m0.001s
user	0m0.000s
sys	0m0.000s

   - Repeticion  5

real	0m0.001s
user	0m0.000s
sys	0m0.000s

   - Repeticion  6

real	0m0.001s
user	0m0.000s
sys	0m0.000s

   - Repeticion  7

real	0m0.001s
user	0m0.000s
sys	0m0.000s

   - Repeticion  8

real	0m0.001s
user	0m0.000s
sys	0m0.000s

   - Repeticion  9

real	0m0.001s
user	0m0.000s
sys	0m0.000s

   - Repeticion  10

real	0m0.001s
user	0m0.000s
sys	0m0.000s
--------------------
Matriz 16

- Num. Hilos 1

   - Repeticion  1

real	0m0.001s
user	0m0.000s
sys	0m0.000s

   - Repeticion  2

real	0m0.001s
user	0m0.000s
sys	0m0.000s

   - Repeticion  3

real	0m0.001s
user	0m0.000s
sys	0m0.000s

   - Repeticion  4

real	0m0.001s
user	0m0.000s
sys	0m0.000s

   - Repeticion  5

real	0m0.001s
user	0m0.000s
sys	0m0.000s

   - Repeticion  6

real	0m0.001s
user	0m0.000s
sys	0m0.000s

   - Repeticion  7

real	0m0.001s
user	0m0.000s
sys	0m0.000s

   - Repeticion  8

real	0m0.001s
user	0m0.000s
sys	0m0.000s

   - Repeticion  9

real	0m0.001s
user	0m0.000s
sys	0m0.000s

   - Repeticion  10

real	0m0.001s
user	0m0.000s
sys	0m0.000s

- Num. Hilos 2

   - Repeticion  1

real	0m0.001s
user	0m0.000s
sys	0m0.000s

   - Repeticion  2

real	0m0.001s
user	0m0.000s
sys	0m0.000s

   - Repeticion  3

real	0m0.001s
user	0m0.000s
sys	0m0.000s

   - Repeticion  4

real	0m0.001s
user	0m0.000s
sys	0m0.000s

   - Repeticion  5

real	0m0.001s
user	0m0.000s
sys	0m0.000s

   - Repeticion  6

real	0m0.001s
user	0m0.000s
sys	0m0.000s

   - Repeticion  7

real	0m0.001s
user	0m0.000s
sys	0m0.000s

   - Repeticion  8

real	0m0.001s
user	0m0.000s
sys	0m0.000s

   - Repeticion  9

real	0m0.001s
user	0m0.000s
sys	0m0.000s

   - Repeticion  10

real	0m0.001s
user	0m0.000s
sys	0m0.000s

- Num. Hilos 4

   - Repeticion  1

real	0m0.001s
user	0m0.000s
sys	0m0.000s

   - Repeticion  2

real	0m0.001s
user	0m0.000s
sys	0m0.000s

   - Repeticion  3

real	0m0.001s
user	0m0.000s
sys	0m0.000s

   - Repeticion  4

real	0m0.001s
user	0m0.000s
sys	0m0.000s

   - Repeticion  5

real	0m0.001s
user	0m0.000s
sys	0m0.000s

   - Repeticion  6

real	0m0.001s
user	0m0.000s
sys	0m0.000s

   - Repeticion  7

real	0m0.001s
user	0m0.000s
sys	0m0.000s

   - Repeticion  8

real	0m0.001s
user	0m0.000s
sys	0m0.000s

   - Repeticion  9

real	0m0.001s
user	0m0.000s
sys	0m0.000s

   - Repeticion  10

real	0m0.001s
user	0m0.000s
sys	0m0.000s

- Num. Hilos 8

   - Repeticion  1

real	0m0.001s
user	0m0.000s
sys	0m0.000s

   - Repeticion  2

real	0m0.001s
user	0m0.000s
sys	0m0.000s

   - Repeticion  3

real	0m0.001s
user	0m0.000s
sys	0m0.000s

   - Repeticion  4

real	0m0.001s
user	0m0.000s
sys	0m0.000s

   - Repeticion  5

real	0m0.001s
user	0m0.000s
sys	0m0.000s

   - Repeticion  6

real	0m0.001s
user	0m0.000s
sys	0m0.000s

   - Repeticion  7

real	0m0.001s
user	0m0.000s
sys	0m0.000s

   - Repeticion  8

real	0m0.001s
user	0m0.000s
sys	0m0.000s

   - Repeticion  9

real	0m0.001s
user	0m0.000s
sys	0m0.000s

   - Repeticion  10

real	0m0.001s
user	0m0.000s
sys	0m0.000s

- Num. Hilos 16

   - Repeticion  1

real	0m0.001s
user	0m0.000s
sys	0m0.000s

   - Repeticion  2

real	0m0.001s
user	0m0.000s
sys	0m0.000s

   - Repeticion  3

real	0m0.001s
user	0m0.000s
sys	0m0.000s

   - Repeticion  4

real	0m0.001s
user	0m0.000s
sys	0m0.000s

   - Repeticion  5

real	0m0.001s
user	0m0.000s
sys	0m0.000s

   - Repeticion  6

real	0m0.001s
user	0m0.000s
sys	0m0.000s

   - Repeticion  7

real	0m0.001s
user	0m0.000s
sys	0m0.000s

   - Repeticion  8

real	0m0.001s
user	0m0.000s
sys	0m0.000s

   - Repeticion  9

real	0m0.001s
user	0m0.000s
sys	0m0.000s

   - Repeticion  10

real	0m0.001s
user	0m0.000s
sys	0m0.000s
--------------------
Matriz 32

- Num. Hilos 1

   - Repeticion  1

real	0m0.001s
user	0m0.000s
sys	0m0.000s

   - Repeticion  2

real	0m0.001s
user	0m0.000s
sys	0m0.000s

   - Repeticion  3

real	0m0.001s
user	0m0.000s
sys	0m0.000s

   - Repeticion  4

real	0m0.001s
user	0m0.000s
sys	0m0.000s

   - Repeticion  5

real	0m0.001s
user	0m0.000s
sys	0m0.000s

   - Repeticion  6

real	0m0.001s
user	0m0.000s
sys	0m0.000s

   - Repeticion  7

real	0m0.001s
user	0m0.000s
sys	0m0.000s

   - Repeticion  8

real	0m0.001s
user	0m0.000s
sys	0m0.000s

   - Repeticion  9

real	0m0.001s
user	0m0.000s
sys	0m0.000s

   - Repeticion  10

real	0m0.001s
user	0m0.000s
sys	0m0.000s

- Num. Hilos 2

   - Repeticion  1

real	0m0.001s
user	0m0.000s
sys	0m0.000s

   - Repeticion  2

real	0m0.001s
user	0m0.000s
sys	0m0.000s

   - Repeticion  3

real	0m0.001s
user	0m0.000s
sys	0m0.000s

   - Repeticion  4

real	0m0.001s
user	0m0.000s
sys	0m0.000s

   - Repeticion  5

real	0m0.001s
user	0m0.000s
sys	0m0.000s

   - Repeticion  6

real	0m0.001s
user	0m0.000s
sys	0m0.000s

   - Repeticion  7

real	0m0.001s
user	0m0.000s
sys	0m0.000s

   - Repeticion  8

real	0m0.001s
user	0m0.000s
sys	0m0.000s

   - Repeticion  9

real	0m0.001s
user	0m0.000s
sys	0m0.000s

   - Repeticion  10

real	0m0.001s
user	0m0.000s
sys	0m0.000s

- Num. Hilos 4

   - Repeticion  1

real	0m0.001s
user	0m0.000s
sys	0m0.000s

   - Repeticion  2

real	0m0.001s
user	0m0.000s
sys	0m0.000s

   - Repeticion  3

real	0m0.001s
user	0m0.000s
sys	0m0.000s

   - Repeticion  4

real	0m0.001s
user	0m0.000s
sys	0m0.000s

   - Repeticion  5

real	0m0.001s
user	0m0.000s
sys	0m0.000s

   - Repeticion  6

real	0m0.001s
user	0m0.000s
sys	0m0.000s

   - Repeticion  7

real	0m0.001s
user	0m0.000s
sys	0m0.000s

   - Repeticion  8

real	0m0.001s
user	0m0.000s
sys	0m0.000s

   - Repeticion  9

real	0m0.001s
user	0m0.000s
sys	0m0.000s

   - Repeticion  10

real	0m0.001s
user	0m0.000s
sys	0m0.000s

- Num. Hilos 8

   - Repeticion  1

real	0m0.001s
user	0m0.000s
sys	0m0.000s

   - Repeticion  2

real	0m0.001s
user	0m0.000s
sys	0m0.000s

   - Repeticion  3

real	0m0.001s
user	0m0.000s
sys	0m0.000s

   - Repeticion  4

real	0m0.001s
user	0m0.000s
sys	0m0.000s

   - Repeticion  5

real	0m0.001s
user	0m0.000s
sys	0m0.000s

   - Repeticion  6

real	0m0.001s
user	0m0.000s
sys	0m0.000s

   - Repeticion  7

real	0m0.001s
user	0m0.000s
sys	0m0.000s

   - Repeticion  8

real	0m0.001s
user	0m0.000s
sys	0m0.000s

   - Repeticion  9

real	0m0.001s
user	0m0.000s
sys	0m0.000s

   - Repeticion  10

real	0m0.001s
user	0m0.000s
sys	0m0.000s

- Num. Hilos 16

   - Repeticion  1

real	0m0.001s
user	0m0.000s
sys	0m0.000s

   - Repeticion  2

real	0m0.001s
user	0m0.000s
sys	0m0.000s

   - Repeticion  3

real	0m0.001s
user	0m0.000s
sys	0m0.000s

   - Repeticion  4

real	0m0.001s
user	0m0.000s
sys	0m0.000s

   - Repeticion  5

real	0m0.001s
user	0m0.000s
sys	0m0.000s

   - Repeticion  6

real	0m0.001s
user	0m0.000s
sys	0m0.000s

   - Repeticion  7

real	0m0.001s
user	0m0.000s
sys	0m0.000s

   - Repeticion  8

real	0m0.001s
user	0m0.000s
sys	0m0.000s

   - Repeticion  9

real	0m0.001s
user	0m0.000s
sys	0m0.000s

   - Repeticion  10

real	0m0.001s
user	0m0.000s
sys	0m0.000s
--------------------
Matriz 64

- Num. Hilos 1

   - Repeticion  1

real	0m0.003s
user	0m0.000s
sys	0m0.000s

   - Repeticion  2

real	0m0.003s
user	0m0.000s
sys	0m0.000s

   - Repeticion  3

real	0m0.003s
user	0m0.000s
sys	0m0.000s

   - Repeticion  4

real	0m0.003s
user	0m0.000s
sys	0m0.000s

   - Repeticion  5

real	0m0.002s
user	0m0.000s
sys	0m0.000s

   - Repeticion  6

real	0m0.003s
user	0m0.000s
sys	0m0.000s

   - Repeticion  7

real	0m0.003s
user	0m0.000s
sys	0m0.000s

   - Repeticion  8

real	0m0.002s
user	0m0.000s
sys	0m0.000s

   - Repeticion  9

real	0m0.002s
user	0m0.000s
sys	0m0.000s

   - Repeticion  10

real	0m0.003s
user	0m0.000s
sys	0m0.000s

- Num. Hilos 2

   - Repeticion  1

real	0m0.002s
user	0m0.000s
sys	0m0.000s

   - Repeticion  2

real	0m0.003s
user	0m0.004s
sys	0m0.000s

   - Repeticion  3

real	0m0.002s
user	0m0.000s
sys	0m0.000s

   - Repeticion  4

real	0m0.002s
user	0m0.000s
sys	0m0.000s

   - Repeticion  5

real	0m0.001s
user	0m0.000s
sys	0m0.000s

   - Repeticion  6

real	0m0.002s
user	0m0.000s
sys	0m0.000s

   - Repeticion  7

real	0m0.003s
user	0m0.000s
sys	0m0.004s

   - Repeticion  8

real	0m0.003s
user	0m0.004s
sys	0m0.000s

   - Repeticion  9

real	0m0.003s
user	0m0.000s
sys	0m0.000s

   - Repeticion  10

real	0m0.002s
user	0m0.000s
sys	0m0.000s

- Num. Hilos 4

   - Repeticion  1

real	0m0.002s
user	0m0.000s
sys	0m0.004s

   - Repeticion  2

real	0m0.002s
user	0m0.000s
sys	0m0.000s

   - Repeticion  3

real	0m0.002s
user	0m0.000s
sys	0m0.000s

   - Repeticion  4

real	0m0.001s
user	0m0.000s
sys	0m0.000s

   - Repeticion  5

real	0m0.001s
user	0m0.000s
sys	0m0.000s

   - Repeticion  6

real	0m0.001s
user	0m0.000s
sys	0m0.000s

   - Repeticion  7

real	0m0.001s
user	0m0.000s
sys	0m0.000s

   - Repeticion  8

real	0m0.001s
user	0m0.000s
sys	0m0.000s

   - Repeticion  9

real	0m0.001s
user	0m0.000s
sys	0m0.000s

   - Repeticion  10

real	0m0.002s
user	0m0.000s
sys	0m0.000s

- Num. Hilos 8

   - Repeticion  1

real	0m0.002s
user	0m0.000s
sys	0m0.000s

   - Repeticion  2

real	0m0.002s
user	0m0.000s
sys	0m0.000s

   - Repeticion  3

real	0m0.002s
user	0m0.000s
sys	0m0.000s

   - Repeticion  4

real	0m0.002s
user	0m0.000s
sys	0m0.000s

   - Repeticion  5

real	0m0.002s
user	0m0.000s
sys	0m0.000s

   - Repeticion  6

real	0m0.003s
user	0m0.000s
sys	0m0.000s

   - Repeticion  7

real	0m0.002s
user	0m0.000s
sys	0m0.000s

   - Repeticion  8

real	0m0.002s
user	0m0.000s
sys	0m0.000s

   - Repeticion  9

real	0m0.002s
user	0m0.000s
sys	0m0.000s

   - Repeticion  10

real	0m0.002s
user	0m0.000s
sys	0m0.000s

- Num. Hilos 16

   - Repeticion  1

real	0m0.002s
user	0m0.000s
sys	0m0.004s

   - Repeticion  2

real	0m0.002s
user	0m0.004s
sys	0m0.000s

   - Repeticion  3

real	0m0.002s
user	0m0.000s
sys	0m0.000s

   - Repeticion  4

real	0m0.002s
user	0m0.000s
sys	0m0.000s

   - Repeticion  5

real	0m0.002s
user	0m0.000s
sys	0m0.000s

   - Repeticion  6

real	0m0.003s
user	0m0.004s
sys	0m0.000s

   - Repeticion  7

real	0m0.002s
user	0m0.000s
sys	0m0.000s

   - Repeticion  8

real	0m0.002s
user	0m0.000s
sys	0m0.000s

   - Repeticion  9

real	0m0.002s
user	0m0.000s
sys	0m0.000s

   - Repeticion  10

real	0m0.002s
user	0m0.000s
sys	0m0.000s
--------------------
Matriz 128

- Num. Hilos 1

   - Repeticion  1

real	0m0.012s
user	0m0.008s
sys	0m0.000s

   - Repeticion  2

real	0m0.012s
user	0m0.012s
sys	0m0.000s

   - Repeticion  3

real	0m0.013s
user	0m0.012s
sys	0m0.000s

   - Repeticion  4

real	0m0.013s
user	0m0.012s
sys	0m0.000s

   - Repeticion  5

real	0m0.013s
user	0m0.012s
sys	0m0.000s

   - Repeticion  6

real	0m0.012s
user	0m0.012s
sys	0m0.000s

   - Repeticion  7

real	0m0.013s
user	0m0.012s
sys	0m0.000s

   - Repeticion  8

real	0m0.013s
user	0m0.012s
sys	0m0.000s

   - Repeticion  9

real	0m0.012s
user	0m0.008s
sys	0m0.000s

   - Repeticion  10

real	0m0.015s
user	0m0.012s
sys	0m0.000s

- Num. Hilos 2

   - Repeticion  1

real	0m0.013s
user	0m0.024s
sys	0m0.000s

   - Repeticion  2

real	0m0.013s
user	0m0.020s
sys	0m0.000s

   - Repeticion  3

real	0m0.007s
user	0m0.008s
sys	0m0.004s

   - Repeticion  4

real	0m0.012s
user	0m0.020s
sys	0m0.000s

   - Repeticion  5

real	0m0.007s
user	0m0.012s
sys	0m0.000s

   - Repeticion  6

real	0m0.012s
user	0m0.016s
sys	0m0.004s

   - Repeticion  7

real	0m0.008s
user	0m0.012s
sys	0m0.000s

   - Repeticion  8

real	0m0.012s
user	0m0.020s
sys	0m0.000s

   - Repeticion  9

real	0m0.013s
user	0m0.024s
sys	0m0.000s

   - Repeticion  10

real	0m0.007s
user	0m0.012s
sys	0m0.000s

- Num. Hilos 4

   - Repeticion  1

real	0m0.007s
user	0m0.024s
sys	0m0.000s

   - Repeticion  2

real	0m0.007s
user	0m0.024s
sys	0m0.000s

   - Repeticion  3

real	0m0.007s
user	0m0.020s
sys	0m0.000s

   - Repeticion  4

real	0m0.007s
user	0m0.024s
sys	0m0.000s

   - Repeticion  5

real	0m0.007s
user	0m0.024s
sys	0m0.000s

   - Repeticion  6

real	0m0.007s
user	0m0.020s
sys	0m0.000s

   - Repeticion  7

real	0m0.007s
user	0m0.024s
sys	0m0.000s

   - Repeticion  8

real	0m0.007s
user	0m0.024s
sys	0m0.000s

   - Repeticion  9

real	0m0.007s
user	0m0.020s
sys	0m0.000s

   - Repeticion  10

real	0m0.007s
user	0m0.024s
sys	0m0.000s

- Num. Hilos 8

   - Repeticion  1

real	0m0.007s
user	0m0.020s
sys	0m0.004s

   - Repeticion  2

real	0m0.010s
user	0m0.020s
sys	0m0.004s

   - Repeticion  3

real	0m0.008s
user	0m0.020s
sys	0m0.000s

   - Repeticion  4

real	0m0.008s
user	0m0.024s
sys	0m0.000s

   - Repeticion  5

real	0m0.008s
user	0m0.020s
sys	0m0.000s

   - Repeticion  6

real	0m0.007s
user	0m0.024s
sys	0m0.000s

   - Repeticion  7

real	0m0.007s
user	0m0.024s
sys	0m0.000s

   - Repeticion  8

real	0m0.008s
user	0m0.024s
sys	0m0.000s

   - Repeticion  9

real	0m0.007s
user	0m0.024s
sys	0m0.000s

   - Repeticion  10

real	0m0.007s
user	0m0.024s
sys	0m0.000s

- Num. Hilos 16

   - Repeticion  1

real	0m0.007s
user	0m0.024s
sys	0m0.000s

   - Repeticion  2

real	0m0.007s
user	0m0.024s
sys	0m0.000s

   - Repeticion  3

real	0m0.008s
user	0m0.024s
sys	0m0.000s

   - Repeticion  4

real	0m0.010s
user	0m0.024s
sys	0m0.000s

   - Repeticion  5

real	0m0.008s
user	0m0.016s
sys	0m0.004s

   - Repeticion  6

real	0m0.007s
user	0m0.016s
sys	0m0.000s

   - Repeticion  7

real	0m0.007s
user	0m0.020s
sys	0m0.000s

   - Repeticion  8

real	0m0.008s
user	0m0.016s
sys	0m0.004s

   - Repeticion  9

real	0m0.008s
user	0m0.024s
sys	0m0.000s

   - Repeticion  10

real	0m0.008s
user	0m0.024s
sys	0m0.000s
--------------------
Matriz 256

- Num. Hilos 1

   - Repeticion  1

real	0m0.105s
user	0m0.104s
sys	0m0.000s

   - Repeticion  2

real	0m0.107s
user	0m0.104s
sys	0m0.000s

   - Repeticion  3

real	0m0.105s
user	0m0.104s
sys	0m0.000s

   - Repeticion  4

real	0m0.107s
user	0m0.104s
sys	0m0.000s

   - Repeticion  5

real	0m0.105s
user	0m0.104s
sys	0m0.000s

   - Repeticion  6

real	0m0.108s
user	0m0.104s
sys	0m0.000s

   - Repeticion  7

real	0m0.106s
user	0m0.104s
sys	0m0.000s

   - Repeticion  8

real	0m0.107s
user	0m0.104s
sys	0m0.000s

   - Repeticion  9

real	0m0.108s
user	0m0.104s
sys	0m0.000s

   - Repeticion  10

real	0m0.107s
user	0m0.104s
sys	0m0.000s

- Num. Hilos 2

   - Repeticion  1

real	0m0.059s
user	0m0.116s
sys	0m0.000s

   - Repeticion  2

real	0m0.100s
user	0m0.196s
sys	0m0.000s

   - Repeticion  3

real	0m0.100s
user	0m0.196s
sys	0m0.000s

   - Repeticion  4

real	0m0.099s
user	0m0.196s
sys	0m0.000s

   - Repeticion  5

real	0m0.100s
user	0m0.196s
sys	0m0.000s

   - Repeticion  6

real	0m0.104s
user	0m0.200s
sys	0m0.000s

   - Repeticion  7

real	0m0.099s
user	0m0.192s
sys	0m0.000s

   - Repeticion  8

real	0m0.062s
user	0m0.116s
sys	0m0.000s

   - Repeticion  9

real	0m0.099s
user	0m0.196s
sys	0m0.000s

   - Repeticion  10

real	0m0.100s
user	0m0.196s
sys	0m0.000s

- Num. Hilos 4

   - Repeticion  1

real	0m0.056s
user	0m0.212s
sys	0m0.000s

   - Repeticion  2

real	0m0.060s
user	0m0.212s
sys	0m0.000s

   - Repeticion  3

real	0m0.059s
user	0m0.212s
sys	0m0.000s

   - Repeticion  4

real	0m0.057s
user	0m0.208s
sys	0m0.004s

   - Repeticion  5

real	0m0.059s
user	0m0.212s
sys	0m0.000s

   - Repeticion  6

real	0m0.056s
user	0m0.212s
sys	0m0.000s

   - Repeticion  7

real	0m0.060s
user	0m0.212s
sys	0m0.000s

   - Repeticion  8

real	0m0.058s
user	0m0.212s
sys	0m0.000s

   - Repeticion  9

real	0m0.056s
user	0m0.212s
sys	0m0.000s

   - Repeticion  10

real	0m0.061s
user	0m0.212s
sys	0m0.000s

- Num. Hilos 8

   - Repeticion  1

real	0m0.060s
user	0m0.200s
sys	0m0.000s

   - Repeticion  2

real	0m0.060s
user	0m0.208s
sys	0m0.000s

   - Repeticion  3

real	0m0.059s
user	0m0.212s
sys	0m0.004s

   - Repeticion  4

real	0m0.059s
user	0m0.208s
sys	0m0.000s

   - Repeticion  5

real	0m0.061s
user	0m0.212s
sys	0m0.000s

   - Repeticion  6

real	0m0.062s
user	0m0.208s
sys	0m0.000s

   - Repeticion  7

real	0m0.063s
user	0m0.212s
sys	0m0.004s

   - Repeticion  8

real	0m0.061s
user	0m0.208s
sys	0m0.004s

   - Repeticion  9

real	0m0.059s
user	0m0.212s
sys	0m0.000s

   - Repeticion  10

real	0m0.060s
user	0m0.204s
sys	0m0.000s

- Num. Hilos 16

   - Repeticion  1

real	0m0.058s
user	0m0.220s
sys	0m0.000s

   - Repeticion  2

real	0m0.059s
user	0m0.216s
sys	0m0.000s

   - Repeticion  3

real	0m0.059s
user	0m0.216s
sys	0m0.000s

   - Repeticion  4

real	0m0.058s
user	0m0.216s
sys	0m0.000s

   - Repeticion  5

real	0m0.063s
user	0m0.216s
sys	0m0.000s

   - Repeticion  6

real	0m0.059s
user	0m0.220s
sys	0m0.000s

   - Repeticion  7

real	0m0.060s
user	0m0.216s
sys	0m0.000s

   - Repeticion  8

real	0m0.060s
user	0m0.216s
sys	0m0.000s

   - Repeticion  9

real	0m0.058s
user	0m0.216s
sys	0m0.000s

   - Repeticion  10

real	0m0.060s
user	0m0.212s
sys	0m0.004s
--------------------
Matriz 512

- Num. Hilos 1

   - Repeticion  1

real	0m0.910s
user	0m0.904s
sys	0m0.004s

   - Repeticion  2

real	0m0.910s
user	0m0.904s
sys	0m0.004s

   - Repeticion  3

real	0m0.912s
user	0m0.912s
sys	0m0.000s

   - Repeticion  4

real	0m0.909s
user	0m0.908s
sys	0m0.000s

   - Repeticion  5

real	0m0.903s
user	0m0.900s
sys	0m0.000s

   - Repeticion  6

real	0m0.921s
user	0m0.916s
sys	0m0.004s

   - Repeticion  7

real	0m0.925s
user	0m0.924s
sys	0m0.000s

   - Repeticion  8

real	0m0.919s
user	0m0.916s
sys	0m0.000s

   - Repeticion  9

real	0m0.902s
user	0m0.900s
sys	0m0.000s

   - Repeticion  10

real	0m0.911s
user	0m0.908s
sys	0m0.000s

- Num. Hilos 2

   - Repeticion  1

real	0m0.976s
user	0m1.936s
sys	0m0.004s

   - Repeticion  2

real	0m0.980s
user	0m1.948s
sys	0m0.000s

   - Repeticion  3

real	0m0.505s
user	0m0.992s
sys	0m0.004s

   - Repeticion  4

real	0m0.973s
user	0m1.928s
sys	0m0.004s

   - Repeticion  5

real	0m0.983s
user	0m1.956s
sys	0m0.000s

   - Repeticion  6

real	0m0.966s
user	0m1.912s
sys	0m0.012s

   - Repeticion  7

real	0m0.972s
user	0m1.932s
sys	0m0.000s

   - Repeticion  8

real	0m0.976s
user	0m1.936s
sys	0m0.004s

   - Repeticion  9

real	0m0.969s
user	0m1.924s
sys	0m0.004s

   - Repeticion  10

real	0m0.964s
user	0m1.912s
sys	0m0.004s

- Num. Hilos 4

   - Repeticion  1

real	0m0.540s
user	0m2.044s
sys	0m0.004s

   - Repeticion  2

real	0m0.546s
user	0m2.064s
sys	0m0.008s

   - Repeticion  3

real	0m0.541s
user	0m2.040s
sys	0m0.012s

   - Repeticion  4

real	0m0.558s
user	0m2.088s
sys	0m0.000s

   - Repeticion  5

real	0m0.550s
user	0m2.084s
sys	0m0.008s

   - Repeticion  6

real	0m0.545s
user	0m2.068s
sys	0m0.008s

   - Repeticion  7

real	0m0.555s
user	0m2.084s
sys	0m0.000s

   - Repeticion  8

real	0m0.570s
user	0m2.096s
sys	0m0.000s

   - Repeticion  9

real	0m0.539s
user	0m2.044s
sys	0m0.008s

   - Repeticion  10

real	0m0.544s
user	0m2.036s
sys	0m0.012s

- Num. Hilos 8

   - Repeticion  1

real	0m0.565s
user	0m2.156s
sys	0m0.004s

   - Repeticion  2

real	0m0.552s
user	0m2.100s
sys	0m0.008s

   - Repeticion  3

real	0m0.549s
user	0m2.116s
sys	0m0.000s

   - Repeticion  4

real	0m0.567s
user	0m2.108s
sys	0m0.008s

   - Repeticion  5

real	0m0.548s
user	0m2.096s
sys	0m0.004s

   - Repeticion  6

real	0m0.550s
user	0m2.072s
sys	0m0.004s

   - Repeticion  7

real	0m0.554s
user	0m2.116s
sys	0m0.004s

   - Repeticion  8

real	0m0.556s
user	0m2.096s
sys	0m0.000s

   - Repeticion  9

real	0m0.545s
user	0m2.088s
sys	0m0.000s

   - Repeticion  10

real	0m0.557s
user	0m2.088s
sys	0m0.012s

- Num. Hilos 16

   - Repeticion  1

real	0m0.546s
user	0m2.112s
sys	0m0.000s

   - Repeticion  2

real	0m0.548s
user	0m2.104s
sys	0m0.000s

   - Repeticion  3

real	0m0.551s
user	0m2.112s
sys	0m0.004s

   - Repeticion  4

real	0m0.552s
user	0m2.116s
sys	0m0.004s

   - Repeticion  5

real	0m0.545s
user	0m2.096s
sys	0m0.004s

   - Repeticion  6

real	0m0.548s
user	0m2.092s
sys	0m0.008s

   - Repeticion  7

real	0m0.553s
user	0m2.120s
sys	0m0.004s

   - Repeticion  8

real	0m0.548s
user	0m2.100s
sys	0m0.008s

   - Repeticion  9

real	0m0.557s
user	0m2.140s
sys	0m0.000s

   - Repeticion  10

real	0m0.548s
user	0m2.092s
sys	0m0.004s
--------------------
Matriz 1024

- Num. Hilos 1

   - Repeticion  1

real	0m15.511s
user	0m15.400s
sys	0m0.108s

   - Repeticion  2

real	0m15.529s
user	0m15.396s
sys	0m0.132s

   - Repeticion  3

real	0m15.656s
user	0m15.540s
sys	0m0.116s

   - Repeticion  4

real	0m16.740s
user	0m16.736s
sys	0m0.012s

   - Repeticion  5

real	0m15.525s
user	0m15.396s
sys	0m0.128s

   - Repeticion  6

real	0m16.844s
user	0m16.832s
sys	0m0.020s

   - Repeticion  7

real	0m17.343s
user	0m17.340s
sys	0m0.012s

   - Repeticion  8

real	0m15.313s
user	0m15.144s
sys	0m0.164s

   - Repeticion  9

real	0m15.934s
user	0m15.812s
sys	0m0.116s

   - Repeticion  10

real	0m15.414s
user	0m15.264s
sys	0m0.148s

- Num. Hilos 2

   - Repeticion  1

real	0m13.000s
user	0m25.816s
sys	0m0.156s

   - Repeticion  2

real	0m8.584s
user	0m17.032s
sys	0m0.104s

   - Repeticion  3

real	0m10.717s
user	0m21.344s
sys	0m0.068s

   - Repeticion  4

real	0m11.870s
user	0m23.616s
sys	0m0.100s

   - Repeticion  5

real	0m12.997s
user	0m25.840s
sys	0m0.128s

   - Repeticion  6

real	0m13.348s
user	0m26.540s
sys	0m0.132s

   - Repeticion  7

real	0m8.461s
user	0m16.884s
sys	0m0.016s

   - Repeticion  8

real	0m11.384s
user	0m22.664s
sys	0m0.080s

   - Repeticion  9

real	0m11.953s
user	0m23.788s
sys	0m0.092s

   - Repeticion  10

real	0m13.388s
user	0m26.600s
sys	0m0.152s

- Num. Hilos 4

   - Repeticion  1

real	0m6.901s
user	0m26.760s
sys	0m0.092s

   - Repeticion  2

real	0m6.977s
user	0m26.840s
sys	0m0.108s

   - Repeticion  3

real	0m6.988s
user	0m26.908s
sys	0m0.052s

   - Repeticion  4

real	0m6.940s
user	0m26.724s
sys	0m0.088s

   - Repeticion  5

real	0m7.095s
user	0m26.980s
sys	0m0.088s

   - Repeticion  6

real	0m7.056s
user	0m26.780s
sys	0m0.128s

   - Repeticion  7

real	0m6.995s
user	0m27.292s
sys	0m0.084s

   - Repeticion  8

real	0m7.119s
user	0m27.700s
sys	0m0.076s

   - Repeticion  9

real	0m7.024s
user	0m27.360s
sys	0m0.108s

   - Repeticion  10

real	0m7.096s
user	0m27.572s
sys	0m0.076s

- Num. Hilos 8

   - Repeticion  1

real	0m6.770s
user	0m26.292s
sys	0m0.072s

   - Repeticion  2

real	0m6.665s
user	0m25.816s
sys	0m0.056s

   - Repeticion  3

real	0m7.100s
user	0m27.572s
sys	0m0.060s

   - Repeticion  4

real	0m6.700s
user	0m26.124s
sys	0m0.064s

   - Repeticion  5

real	0m6.826s
user	0m26.564s
sys	0m0.096s

   - Repeticion  6

real	0m6.948s
user	0m26.960s
sys	0m0.152s

   - Repeticion  7

real	0m6.826s
user	0m26.616s
sys	0m0.060s

   - Repeticion  8

real	0m6.802s
user	0m26.376s
sys	0m0.084s

   - Repeticion  9

real	0m6.965s
user	0m27.140s
sys	0m0.068s

   - Repeticion  10

real	0m6.896s
user	0m26.908s
sys	0m0.096s

- Num. Hilos 16

   - Repeticion  1

real	0m6.822s
user	0m26.660s
sys	0m0.040s

   - Repeticion  2

real	0m6.487s
user	0m25.308s
sys	0m0.084s

   - Repeticion  3

real	0m6.893s
user	0m26.832s
sys	0m0.072s

   - Repeticion  4

real	0m7.318s
user	0m28.516s
sys	0m0.068s

   - Repeticion  5

real	0m6.841s
user	0m26.752s
sys	0m0.084s

   - Repeticion  6

real	0m7.206s
user	0m28.156s
sys	0m0.060s

   - Repeticion  7

real	0m7.060s
user	0m27.464s
sys	0m0.116s

   - Repeticion  8

real	0m6.930s
user	0m27.036s
sys	0m0.104s

   - Repeticion  9

real	0m7.015s
user	0m27.424s
sys	0m0.088s

   - Repeticion  10

real	0m6.871s
user	0m26.836s
sys	0m0.072s
